<?xml version="1.0" encoding="UTF-8"?>
<testng-results skipped="0" failed="7" ignored="0" total="24" passed="17">
  <reporter-output>
  </reporter-output>
  <suite name="Test Automation" duration-ms="255353" started-at="2019-01-11T22:33:11Z" finished-at="2019-01-11T22:37:26Z">
    <groups>
    </groups>
    <test name="Savings Android 2" duration-ms="72204" started-at="2019-01-11T22:33:11Z" finished-at="2019-01-11T22:34:23Z">
      <class name="tests.SavingsRelatedTest">
        <test-method status="PASS" signature="setUp(java.lang.String, java.lang.reflect.Method)[pri:0, instance:tests.SavingsRelatedTest@64bfbc86]" name="setUp" is-config="true" duration-ms="35287" started-at="2019-01-11T22:33:11Z" finished-at="2019-01-11T22:33:46Z">
          <params>
            <param index="0">
              <value>
                <![CDATA[Android]]>
              </value>
            </param>
            <param index="1">
              <value>
                <![CDATA[public void tests.SavingsRelatedTest.user_should_be_on_savings_page()]]>
              </value>
            </param>
          </params>
          <reporter-output>
          </reporter-output>
        </test-method> <!-- setUp -->
        <test-method status="PASS" signature="setUpAllPages()[pri:0, instance:tests.SavingsRelatedTest@64bfbc86]" name="setUpAllPages" is-config="true" duration-ms="2620" started-at="2019-01-11T22:33:46Z" finished-at="2019-01-11T22:33:49Z">
          <reporter-output>
          </reporter-output>
        </test-method> <!-- setUpAllPages -->
        <test-method status="FAIL" signature="user_should_be_on_savings_page()[pri:0, instance:tests.SavingsRelatedTest@64bfbc86]" name="user_should_be_on_savings_page" duration-ms="21911" started-at="2019-01-11T22:33:49Z" finished-at="2019-01-11T22:34:11Z">
          <exception class="org.openqa.selenium.TimeoutException">
            <message>
              <![CDATA[Expected condition failed: waiting for visibility of Located by By.xpath: //*[@class='nav-toggle'] (tried for 20 second(s) with 500 milliseconds interval)]]>
            </message>
            <full-stacktrace>
              <![CDATA[org.openqa.selenium.TimeoutException: Expected condition failed: waiting for visibility of Located by By.xpath: //*[@class='nav-toggle'] (tried for 20 second(s) with 500 milliseconds interval)
at org.openqa.selenium.support.ui.WebDriverWait.timeoutException(WebDriverWait.java:81)
at org.openqa.selenium.support.ui.FluentWait.until(FluentWait.java:271)
at pages.BankingDropDownPage.click_on_hamburger_icon(BankingDropDownPage.java:30)
at tests.SavingsRelatedTest.user_should_be_on_savings_page(SavingsRelatedTest.java:30)
at sun.reflect.NativeMethodAccessorImpl.invoke0(Native Method)
at sun.reflect.NativeMethodAccessorImpl.invoke(NativeMethodAccessorImpl.java:62)
at sun.reflect.DelegatingMethodAccessorImpl.invoke(DelegatingMethodAccessorImpl.java:43)
at java.lang.reflect.Method.invoke(Method.java:498)
at org.testng.internal.MethodInvocationHelper.invokeMethod(MethodInvocationHelper.java:124)
at org.testng.internal.Invoker.invokeMethod(Invoker.java:583)
at org.testng.internal.Invoker.invokeTestMethod(Invoker.java:719)
at org.testng.internal.Invoker.invokeTestMethods(Invoker.java:989)
at org.testng.internal.TestMethodWorker.invokeTestMethods(TestMethodWorker.java:125)
at org.testng.internal.TestMethodWorker.run(TestMethodWorker.java:109)
at org.testng.TestRunner.privateRun(TestRunner.java:648)
at org.testng.TestRunner.run(TestRunner.java:505)
at org.testng.SuiteRunner.runTest(SuiteRunner.java:455)
at org.testng.SuiteRunner.access$000(SuiteRunner.java:40)
at org.testng.SuiteRunner$SuiteWorker.run(SuiteRunner.java:489)
at org.testng.internal.thread.ThreadUtil$1.call(ThreadUtil.java:52)
at java.util.concurrent.FutureTask.run(FutureTask.java:266)
at java.util.concurrent.ThreadPoolExecutor.runWorker(ThreadPoolExecutor.java:1149)
at java.util.concurrent.ThreadPoolExecutor$Worker.run(ThreadPoolExecutor.java:624)
at java.lang.Thread.run(Thread.java:748)
Caused by: org.openqa.selenium.NoSuchElementException: Can't locate an element by this strategy: By.xpath: //*[@class='nav-toggle']
at io.appium.java_client.pagefactory.AppiumElementLocator.findElement(AppiumElementLocator.java:126)
at io.appium.java_client.pagefactory.interceptors.InterceptorOfASingleElement.intercept(InterceptorOfASingleElement.java:60)
at io.appium.java_client.android.AndroidElement$$EnhancerByCGLIB$$b598166c.isDisplayed(<generated>)
at org.openqa.selenium.support.ui.ExpectedConditions.elementIfVisible(ExpectedConditions.java:315)
at org.openqa.selenium.support.ui.ExpectedConditions.access$100(ExpectedConditions.java:44)
at org.openqa.selenium.support.ui.ExpectedConditions$10.apply(ExpectedConditions.java:301)
at org.openqa.selenium.support.ui.ExpectedConditions$10.apply(ExpectedConditions.java:298)
at org.openqa.selenium.support.ui.FluentWait.until(FluentWait.java:248)
... 22 more
Caused by: org.openqa.selenium.TimeoutException: Expected condition failed: waiting for io.appium.java_client.pagefactory.AppiumElementLocator$WaitingFunction@5ed0a2eb (tried for 1 second(s) with 500 milliseconds interval)
at org.openqa.selenium.support.ui.FluentWait.timeoutException(FluentWait.java:303)
at org.openqa.selenium.support.ui.FluentWait.until(FluentWait.java:271)
at io.appium.java_client.pagefactory.AppiumElementLocator.waitFor(AppiumElementLocator.java:99)
at io.appium.java_client.pagefactory.AppiumElementLocator.findElement(AppiumElementLocator.java:119)
... 29 more
Caused by: org.openqa.selenium.NoSuchElementException: no such element: Unable to locate element: {"method":"xpath","selector":"//*[@class='nav-toggle']"}
  (Session info: chrome=71.0.3578.99)
  (Driver info: chromedriver=2.41.578737 (49da6702b16031c40d63e5618de03a32ff6c197e),platform=Windows NT 10.0.14393 x86_64) (WARNING: The server did not provide any stacktrace information)
Command duration or timeout: 0 milliseconds
For documentation on this error, please visit: http://seleniumhq.org/exceptions/no_such_element.html
Build info: version: '3.12.0', revision: '7c6e0b3', time: '2018-05-08T14:04:26.12Z'
System info: host: 'WINDOWS-KEN7H9H', ip: '192.168.0.15', os.name: 'Windows 10', os.arch: 'amd64', os.version: '10.0', java.version: '1.8.0_161'
Driver info: io.appium.java_client.android.AndroidDriver
Capabilities {PNC: PNC_Android_Web, appiumVersion: 1.8.0, autoAcceptAlerts: false, autoDismissAlerts: false, autoGrantPermissions: false, autoWebview: false, browserName: chrome, cloudViewLink: https://sales.experitest.co..., desired: {PNC: PNC_Android_Web, browserName: chrome, deviceQuery: @os='android', newSessionWaitTimeout: 300.0, platformName: Android, testName: user_should_be_on_savings_page}, device.category: PHONE, device.majorVersion: 5, device.manufacture: HUAWEI, device.model: HUAWEI GRA-L09, device.name: HUAWEI A0141, device.os: Android, device.screenSize: 1080x1920, device.serialNumber: S7M0215829004355, device.version: 5.0, deviceQuery: @os='android', deviceUDID: S7M0215829004355, dontGoHomeOnQuit: false, dontStopAppOnReset: false, ehmPrefixUrl: /agent-11, fullReset: false, gridNodePort: 7828, install.only.for.update: false, instrumentApp: false, javascriptEnabled: true, keystorePath: ~/.android/debug.keystore, locationServicesAuthorized: false, newSessionWaitTimeout: 300.0, noReset: false, platform: ANDROID, platformName: ANDROID, projectName: , reportDirectory: reports, reportFormat: xml, reportUrl: https://sales.experitest.co..., reservationDuration: 240.0, takeScreenshots: true, test.type: Mobile, testName: user_should_be_on_savings_page, udid: S7M0215829004355, useKeystore: false, waitForDeviceTimeout: 120000.0}
Session ID: CLOUD-SID:2019-01-12_00-33-02-a2c46ae0-ce17-4bba-aa4e-1ed544820274
*** Element info: {Using=xpath, value=//*[@class='nav-toggle']}
at sun.reflect.GeneratedConstructorAccessor49.newInstance(Unknown Source)
at sun.reflect.DelegatingConstructorAccessorImpl.newInstance(DelegatingConstructorAccessorImpl.java:45)
at java.lang.reflect.Constructor.newInstance(Constructor.java:423)
at org.openqa.selenium.remote.ErrorHandler.createThrowable(ErrorHandler.java:214)
at org.openqa.selenium.remote.ErrorHandler.throwIfResponseFailed(ErrorHandler.java:166)
at org.openqa.selenium.remote.http.JsonHttpResponseCodec.reconstructValue(JsonHttpResponseCodec.java:40)
at org.openqa.selenium.remote.http.AbstractHttpResponseCodec.decode(AbstractHttpResponseCodec.java:80)
at org.openqa.selenium.remote.http.AbstractHttpResponseCodec.decode(AbstractHttpResponseCodec.java:44)
at org.openqa.selenium.remote.HttpCommandExecutor.execute(HttpCommandExecutor.java:158)
at io.appium.java_client.remote.AppiumCommandExecutor.execute(AppiumCommandExecutor.java:218)
at org.openqa.selenium.remote.RemoteWebDriver.execute(RemoteWebDriver.java:543)
at io.appium.java_client.DefaultGenericMobileDriver.execute(DefaultGenericMobileDriver.java:42)
at io.appium.java_client.AppiumDriver.execute(AppiumDriver.java:1)
at io.appium.java_client.android.AndroidDriver.execute(AndroidDriver.java:1)
at org.openqa.selenium.remote.RemoteWebDriver.findElement(RemoteWebDriver.java:317)
at io.appium.java_client.DefaultGenericMobileDriver.findElement(DefaultGenericMobileDriver.java:62)
at io.appium.java_client.AppiumDriver.findElement(AppiumDriver.java:1)
at io.appium.java_client.android.AndroidDriver.findElement(AndroidDriver.java:1)
at org.openqa.selenium.remote.RemoteWebDriver.findElementByXPath(RemoteWebDriver.java:419)
at io.appium.java_client.DefaultGenericMobileDriver.findElementByXPath(DefaultGenericMobileDriver.java:152)
at io.appium.java_client.AppiumDriver.findElementByXPath(AppiumDriver.java:1)
at io.appium.java_client.android.AndroidDriver.findElementByXPath(AndroidDriver.java:1)
at org.openqa.selenium.By$ByXPath.findElement(By.java:353)
at org.openqa.selenium.remote.RemoteWebDriver.findElement(RemoteWebDriver.java:309)
at io.appium.java_client.DefaultGenericMobileDriver.findElement(DefaultGenericMobileDriver.java:58)
at io.appium.java_client.AppiumDriver.findElement(AppiumDriver.java:1)
at io.appium.java_client.android.AndroidDriver.findElement(AndroidDriver.java:1)
at io.appium.java_client.pagefactory.bys.ContentMappedBy.findElement(ContentMappedBy.java:50)
at org.openqa.selenium.remote.RemoteWebDriver.findElement(RemoteWebDriver.java:309)
at io.appium.java_client.DefaultGenericMobileDriver.findElement(DefaultGenericMobileDriver.java:58)
at io.appium.java_client.AppiumDriver.findElement(AppiumDriver.java:1)
at io.appium.java_client.android.AndroidDriver.findElement(AndroidDriver.java:1)
at io.appium.java_client.pagefactory.AppiumElementLocator.lambda$0(AppiumElementLocator.java:120)
at io.appium.java_client.pagefactory.AppiumElementLocator$WaitingFunction.apply(AppiumElementLocator.java:172)
at io.appium.java_client.pagefactory.AppiumElementLocator$WaitingFunction.apply(AppiumElementLocator.java:1)
at org.openqa.selenium.support.ui.FluentWait.until(FluentWait.java:248)
... 31 more
]]>
            </full-stacktrace>
          </exception> <!-- org.openqa.selenium.TimeoutException -->
          <reporter-output>
          </reporter-output>
        </test-method> <!-- user_should_be_on_savings_page -->
        <test-method status="PASS" signature="tearDown()[pri:0, instance:tests.SavingsRelatedTest@64bfbc86]" name="tearDown" is-config="true" duration-ms="12352" started-at="2019-01-11T22:34:11Z" finished-at="2019-01-11T22:34:23Z">
          <reporter-output>
          </reporter-output>
        </test-method> <!-- tearDown -->
      </class> <!-- tests.SavingsRelatedTest -->
    </test> <!-- Savings Android 2 -->
    <test name="Checking Android 3" duration-ms="73313" started-at="2019-01-11T22:33:11Z" finished-at="2019-01-11T22:34:24Z">
      <class name="tests.CheckingRelatedTest">
        <test-method status="PASS" signature="setUp(java.lang.String, java.lang.reflect.Method)[pri:0, instance:tests.CheckingRelatedTest@185d8b6]" name="setUp" is-config="true" duration-ms="32782" started-at="2019-01-11T22:33:11Z" finished-at="2019-01-11T22:33:44Z">
          <params>
            <param index="0">
              <value>
                <![CDATA[Android]]>
              </value>
            </param>
            <param index="1">
              <value>
                <![CDATA[public void tests.CheckingRelatedTest.user_should_be_on_checking_page()]]>
              </value>
            </param>
          </params>
          <reporter-output>
          </reporter-output>
        </test-method> <!-- setUp -->
        <test-method status="PASS" signature="setUpAllPages()[pri:0, instance:tests.CheckingRelatedTest@185d8b6]" name="setUpAllPages" is-config="true" duration-ms="10024" started-at="2019-01-11T22:33:44Z" finished-at="2019-01-11T22:33:54Z">
          <reporter-output>
          </reporter-output>
        </test-method> <!-- setUpAllPages -->
        <test-method status="FAIL" signature="user_should_be_on_checking_page()[pri:0, instance:tests.CheckingRelatedTest@185d8b6]" name="user_should_be_on_checking_page" duration-ms="20861" started-at="2019-01-11T22:33:54Z" finished-at="2019-01-11T22:34:15Z">
          <exception class="org.openqa.selenium.TimeoutException">
            <message>
              <![CDATA[Expected condition failed: waiting for visibility of Located by By.xpath: //*[@class='nav-toggle'] (tried for 20 second(s) with 500 milliseconds interval)]]>
            </message>
            <full-stacktrace>
              <![CDATA[org.openqa.selenium.TimeoutException: Expected condition failed: waiting for visibility of Located by By.xpath: //*[@class='nav-toggle'] (tried for 20 second(s) with 500 milliseconds interval)
at org.openqa.selenium.support.ui.WebDriverWait.timeoutException(WebDriverWait.java:81)
at org.openqa.selenium.support.ui.FluentWait.until(FluentWait.java:271)
at pages.BankingDropDownPage.click_on_hamburger_icon(BankingDropDownPage.java:30)
at tests.CheckingRelatedTest.user_should_be_on_checking_page(CheckingRelatedTest.java:30)
at sun.reflect.NativeMethodAccessorImpl.invoke0(Native Method)
at sun.reflect.NativeMethodAccessorImpl.invoke(NativeMethodAccessorImpl.java:62)
at sun.reflect.DelegatingMethodAccessorImpl.invoke(DelegatingMethodAccessorImpl.java:43)
at java.lang.reflect.Method.invoke(Method.java:498)
at org.testng.internal.MethodInvocationHelper.invokeMethod(MethodInvocationHelper.java:124)
at org.testng.internal.Invoker.invokeMethod(Invoker.java:583)
at org.testng.internal.Invoker.invokeTestMethod(Invoker.java:719)
at org.testng.internal.Invoker.invokeTestMethods(Invoker.java:989)
at org.testng.internal.TestMethodWorker.invokeTestMethods(TestMethodWorker.java:125)
at org.testng.internal.TestMethodWorker.run(TestMethodWorker.java:109)
at org.testng.TestRunner.privateRun(TestRunner.java:648)
at org.testng.TestRunner.run(TestRunner.java:505)
at org.testng.SuiteRunner.runTest(SuiteRunner.java:455)
at org.testng.SuiteRunner.access$000(SuiteRunner.java:40)
at org.testng.SuiteRunner$SuiteWorker.run(SuiteRunner.java:489)
at org.testng.internal.thread.ThreadUtil$1.call(ThreadUtil.java:52)
at java.util.concurrent.FutureTask.run(FutureTask.java:266)
at java.util.concurrent.ThreadPoolExecutor.runWorker(ThreadPoolExecutor.java:1149)
at java.util.concurrent.ThreadPoolExecutor$Worker.run(ThreadPoolExecutor.java:624)
at java.lang.Thread.run(Thread.java:748)
Caused by: org.openqa.selenium.NoSuchElementException: Can't locate an element by this strategy: By.xpath: //*[@class='nav-toggle']
at io.appium.java_client.pagefactory.AppiumElementLocator.findElement(AppiumElementLocator.java:126)
at io.appium.java_client.pagefactory.interceptors.InterceptorOfASingleElement.intercept(InterceptorOfASingleElement.java:60)
at io.appium.java_client.android.AndroidElement$$EnhancerByCGLIB$$b598166c.isDisplayed(<generated>)
at org.openqa.selenium.support.ui.ExpectedConditions.elementIfVisible(ExpectedConditions.java:315)
at org.openqa.selenium.support.ui.ExpectedConditions.access$100(ExpectedConditions.java:44)
at org.openqa.selenium.support.ui.ExpectedConditions$10.apply(ExpectedConditions.java:301)
at org.openqa.selenium.support.ui.ExpectedConditions$10.apply(ExpectedConditions.java:298)
at org.openqa.selenium.support.ui.FluentWait.until(FluentWait.java:248)
... 22 more
Caused by: org.openqa.selenium.TimeoutException: Expected condition failed: waiting for io.appium.java_client.pagefactory.AppiumElementLocator$WaitingFunction@4466bf49 (tried for 1 second(s) with 500 milliseconds interval)
at org.openqa.selenium.support.ui.FluentWait.timeoutException(FluentWait.java:303)
at org.openqa.selenium.support.ui.FluentWait.until(FluentWait.java:271)
at io.appium.java_client.pagefactory.AppiumElementLocator.waitFor(AppiumElementLocator.java:99)
at io.appium.java_client.pagefactory.AppiumElementLocator.findElement(AppiumElementLocator.java:119)
... 29 more
Caused by: org.openqa.selenium.NoSuchElementException: no such element: Unable to locate element: {"method":"xpath","selector":"//*[@class='nav-toggle']"}
  (Session info: chrome=69.0.3497.100)
  (Driver info: chromedriver=2.41.578737 (49da6702b16031c40d63e5618de03a32ff6c197e),platform=Windows NT 10.0.14393 x86_64) (WARNING: The server did not provide any stacktrace information)
Command duration or timeout: 0 milliseconds
For documentation on this error, please visit: http://seleniumhq.org/exceptions/no_such_element.html
Build info: version: '3.12.0', revision: '7c6e0b3', time: '2018-05-08T14:04:26.12Z'
System info: host: 'WINDOWS-KEN7H9H', ip: '192.168.0.15', os.name: 'Windows 10', os.arch: 'amd64', os.version: '10.0', java.version: '1.8.0_161'
Driver info: io.appium.java_client.android.AndroidDriver
Capabilities {PNC: PNC_Android_Web, appiumVersion: 1.8.0, autoAcceptAlerts: false, autoDismissAlerts: false, autoGrantPermissions: false, autoWebview: false, browserName: chrome, cloudViewLink: https://sales.experitest.co..., desired: {PNC: PNC_Android_Web, browserName: chrome, deviceQuery: @os='android', newSessionWaitTimeout: 300.0, platformName: Android, testName: user_should_be_on_checking_...}, device.category: PHONE, device.majorVersion: 8, device.manufacture: samsung, device.model: SM-N950F, device.name: Galaxy Note 8 A0259, device.os: Android, device.screenSize: 1080x2220, device.serialNumber: 988b5a43383648315830, device.version: 8.0.0, deviceQuery: @os='android', deviceUDID: 988b5a43383648315830, dontGoHomeOnQuit: false, dontStopAppOnReset: false, ehmPrefixUrl: /agent-11, fullReset: false, gridNodePort: 7826, install.only.for.update: false, instrumentApp: false, javascriptEnabled: true, keystorePath: ~/.android/debug.keystore, locationServicesAuthorized: false, newSessionWaitTimeout: 300.0, noReset: false, platform: ANDROID, platformName: ANDROID, projectName: , reportDirectory: reports, reportFormat: xml, reportUrl: https://sales.experitest.co..., reservationDuration: 240.0, takeScreenshots: true, test.type: Mobile, testName: user_should_be_on_checking_..., udid: 988b5a43383648315830, useKeystore: false, waitForDeviceTimeout: 120000.0}
Session ID: CLOUD-SID:2019-01-12_00-33-03-7bae9f6c-a7e7-4a06-8cdd-82a2937b6266
*** Element info: {Using=xpath, value=//*[@class='nav-toggle']}
at sun.reflect.GeneratedConstructorAccessor49.newInstance(Unknown Source)
at sun.reflect.DelegatingConstructorAccessorImpl.newInstance(DelegatingConstructorAccessorImpl.java:45)
at java.lang.reflect.Constructor.newInstance(Constructor.java:423)
at org.openqa.selenium.remote.ErrorHandler.createThrowable(ErrorHandler.java:214)
at org.openqa.selenium.remote.ErrorHandler.throwIfResponseFailed(ErrorHandler.java:166)
at org.openqa.selenium.remote.http.JsonHttpResponseCodec.reconstructValue(JsonHttpResponseCodec.java:40)
at org.openqa.selenium.remote.http.AbstractHttpResponseCodec.decode(AbstractHttpResponseCodec.java:80)
at org.openqa.selenium.remote.http.AbstractHttpResponseCodec.decode(AbstractHttpResponseCodec.java:44)
at org.openqa.selenium.remote.HttpCommandExecutor.execute(HttpCommandExecutor.java:158)
at io.appium.java_client.remote.AppiumCommandExecutor.execute(AppiumCommandExecutor.java:218)
at org.openqa.selenium.remote.RemoteWebDriver.execute(RemoteWebDriver.java:543)
at io.appium.java_client.DefaultGenericMobileDriver.execute(DefaultGenericMobileDriver.java:42)
at io.appium.java_client.AppiumDriver.execute(AppiumDriver.java:1)
at io.appium.java_client.android.AndroidDriver.execute(AndroidDriver.java:1)
at org.openqa.selenium.remote.RemoteWebDriver.findElement(RemoteWebDriver.java:317)
at io.appium.java_client.DefaultGenericMobileDriver.findElement(DefaultGenericMobileDriver.java:62)
at io.appium.java_client.AppiumDriver.findElement(AppiumDriver.java:1)
at io.appium.java_client.android.AndroidDriver.findElement(AndroidDriver.java:1)
at org.openqa.selenium.remote.RemoteWebDriver.findElementByXPath(RemoteWebDriver.java:419)
at io.appium.java_client.DefaultGenericMobileDriver.findElementByXPath(DefaultGenericMobileDriver.java:152)
at io.appium.java_client.AppiumDriver.findElementByXPath(AppiumDriver.java:1)
at io.appium.java_client.android.AndroidDriver.findElementByXPath(AndroidDriver.java:1)
at org.openqa.selenium.By$ByXPath.findElement(By.java:353)
at org.openqa.selenium.remote.RemoteWebDriver.findElement(RemoteWebDriver.java:309)
at io.appium.java_client.DefaultGenericMobileDriver.findElement(DefaultGenericMobileDriver.java:58)
at io.appium.java_client.AppiumDriver.findElement(AppiumDriver.java:1)
at io.appium.java_client.android.AndroidDriver.findElement(AndroidDriver.java:1)
at io.appium.java_client.pagefactory.bys.ContentMappedBy.findElement(ContentMappedBy.java:50)
at org.openqa.selenium.remote.RemoteWebDriver.findElement(RemoteWebDriver.java:309)
at io.appium.java_client.DefaultGenericMobileDriver.findElement(DefaultGenericMobileDriver.java:58)
at io.appium.java_client.AppiumDriver.findElement(AppiumDriver.java:1)
at io.appium.java_client.android.AndroidDriver.findElement(AndroidDriver.java:1)
at io.appium.java_client.pagefactory.AppiumElementLocator.lambda$0(AppiumElementLocator.java:120)
at io.appium.java_client.pagefactory.AppiumElementLocator$WaitingFunction.apply(AppiumElementLocator.java:172)
at io.appium.java_client.pagefactory.AppiumElementLocator$WaitingFunction.apply(AppiumElementLocator.java:1)
at org.openqa.selenium.support.ui.FluentWait.until(FluentWait.java:248)
... 31 more
]]>
            </full-stacktrace>
          </exception> <!-- org.openqa.selenium.TimeoutException -->
          <reporter-output>
          </reporter-output>
        </test-method> <!-- user_should_be_on_checking_page -->
        <test-method status="PASS" signature="tearDown()[pri:0, instance:tests.CheckingRelatedTest@185d8b6]" name="tearDown" is-config="true" duration-ms="9643" started-at="2019-01-11T22:34:15Z" finished-at="2019-01-11T22:34:24Z">
          <reporter-output>
          </reporter-output>
        </test-method> <!-- tearDown -->
      </class> <!-- tests.CheckingRelatedTest -->
    </test> <!-- Checking Android 3 -->
    <test name="Search Android 3" duration-ms="74913" started-at="2019-01-11T22:33:11Z" finished-at="2019-01-11T22:34:26Z">
      <class name="tests.SearchResultsTest">
        <test-method status="PASS" signature="setUp(java.lang.String, java.lang.reflect.Method)[pri:0, instance:tests.SearchResultsTest@2286778]" name="setUp" is-config="true" duration-ms="28238" started-at="2019-01-11T22:33:11Z" finished-at="2019-01-11T22:33:39Z">
          <params>
            <param index="0">
              <value>
                <![CDATA[Android]]>
              </value>
            </param>
            <param index="1">
              <value>
                <![CDATA[public void tests.SearchResultsTest.verify_item_displayed_in_search_results_list()]]>
              </value>
            </param>
          </params>
          <reporter-output>
          </reporter-output>
        </test-method> <!-- setUp -->
        <test-method status="PASS" signature="setUpAllPages()[pri:0, instance:tests.SearchResultsTest@2286778]" name="setUpAllPages" is-config="true" duration-ms="12618" started-at="2019-01-11T22:33:39Z" finished-at="2019-01-11T22:33:52Z">
          <reporter-output>
          </reporter-output>
        </test-method> <!-- setUpAllPages -->
        <test-method status="PASS" signature="verify_item_displayed_in_search_results_list()[pri:0, instance:tests.SearchResultsTest@2286778]" name="verify_item_displayed_in_search_results_list" duration-ms="26410" started-at="2019-01-11T22:33:52Z" finished-at="2019-01-11T22:34:18Z">
          <reporter-output>
          </reporter-output>
        </test-method> <!-- verify_item_displayed_in_search_results_list -->
        <test-method status="PASS" signature="tearDown()[pri:0, instance:tests.SearchResultsTest@2286778]" name="tearDown" is-config="true" duration-ms="7645" started-at="2019-01-11T22:34:18Z" finished-at="2019-01-11T22:34:26Z">
          <reporter-output>
          </reporter-output>
        </test-method> <!-- tearDown -->
      </class> <!-- tests.SearchResultsTest -->
    </test> <!-- Search Android 3 -->
    <test name="Credit Cards IOS" duration-ms="75422" started-at="2019-01-11T22:33:11Z" finished-at="2019-01-11T22:34:26Z">
      <class name="tests.CreditCardsRelatedTest">
        <test-method status="PASS" signature="setUp(java.lang.String, java.lang.reflect.Method)[pri:0, instance:tests.CreditCardsRelatedTest@73ad2d6]" name="setUp" is-config="true" duration-ms="30416" started-at="2019-01-11T22:33:11Z" finished-at="2019-01-11T22:33:41Z">
          <params>
            <param index="0">
              <value>
                <![CDATA[IOS]]>
              </value>
            </param>
            <param index="1">
              <value>
                <![CDATA[public void tests.CreditCardsRelatedTest.user_should_be_on_credit_cards_page()]]>
              </value>
            </param>
          </params>
          <reporter-output>
          </reporter-output>
        </test-method> <!-- setUp -->
        <test-method status="PASS" signature="setUpAllPages()[pri:0, instance:tests.CreditCardsRelatedTest@73ad2d6]" name="setUpAllPages" is-config="true" duration-ms="8280" started-at="2019-01-11T22:33:41Z" finished-at="2019-01-11T22:33:50Z">
          <reporter-output>
          </reporter-output>
        </test-method> <!-- setUpAllPages -->
        <test-method status="PASS" signature="user_should_be_on_credit_cards_page()[pri:0, instance:tests.CreditCardsRelatedTest@73ad2d6]" name="user_should_be_on_credit_cards_page" duration-ms="30647" started-at="2019-01-11T22:33:50Z" finished-at="2019-01-11T22:34:20Z">
          <reporter-output>
          </reporter-output>
        </test-method> <!-- user_should_be_on_credit_cards_page -->
        <test-method status="PASS" signature="tearDown()[pri:0, instance:tests.CreditCardsRelatedTest@73ad2d6]" name="tearDown" is-config="true" duration-ms="6076" started-at="2019-01-11T22:34:20Z" finished-at="2019-01-11T22:34:26Z">
          <reporter-output>
          </reporter-output>
        </test-method> <!-- tearDown -->
      </class> <!-- tests.CreditCardsRelatedTest -->
    </test> <!-- Credit Cards IOS -->
    <test name="Savings Android" duration-ms="76986" started-at="2019-01-11T22:33:11Z" finished-at="2019-01-11T22:34:28Z">
      <class name="tests.SavingsRelatedTest">
        <test-method status="PASS" signature="setUp(java.lang.String, java.lang.reflect.Method)[pri:0, instance:tests.SavingsRelatedTest@146ba0ac]" name="setUp" is-config="true" duration-ms="40136" started-at="2019-01-11T22:33:11Z" finished-at="2019-01-11T22:33:51Z">
          <params>
            <param index="0">
              <value>
                <![CDATA[Android]]>
              </value>
            </param>
            <param index="1">
              <value>
                <![CDATA[public void tests.SavingsRelatedTest.user_should_be_on_savings_page()]]>
              </value>
            </param>
          </params>
          <reporter-output>
          </reporter-output>
        </test-method> <!-- setUp -->
        <test-method status="PASS" signature="setUpAllPages()[pri:0, instance:tests.SavingsRelatedTest@146ba0ac]" name="setUpAllPages" is-config="true" duration-ms="3082" started-at="2019-01-11T22:33:51Z" finished-at="2019-01-11T22:33:54Z">
          <reporter-output>
          </reporter-output>
        </test-method> <!-- setUpAllPages -->
        <test-method status="FAIL" signature="user_should_be_on_savings_page()[pri:0, instance:tests.SavingsRelatedTest@146ba0ac]" name="user_should_be_on_savings_page" duration-ms="22628" started-at="2019-01-11T22:33:54Z" finished-at="2019-01-11T22:34:17Z">
          <exception class="org.openqa.selenium.TimeoutException">
            <message>
              <![CDATA[Expected condition failed: waiting for visibility of Located by By.xpath: //*[@class='nav-toggle'] (tried for 20 second(s) with 500 milliseconds interval)]]>
            </message>
            <full-stacktrace>
              <![CDATA[org.openqa.selenium.TimeoutException: Expected condition failed: waiting for visibility of Located by By.xpath: //*[@class='nav-toggle'] (tried for 20 second(s) with 500 milliseconds interval)
at org.openqa.selenium.support.ui.WebDriverWait.timeoutException(WebDriverWait.java:81)
at org.openqa.selenium.support.ui.FluentWait.until(FluentWait.java:271)
at pages.BankingDropDownPage.click_on_hamburger_icon(BankingDropDownPage.java:30)
at tests.SavingsRelatedTest.user_should_be_on_savings_page(SavingsRelatedTest.java:30)
at sun.reflect.NativeMethodAccessorImpl.invoke0(Native Method)
at sun.reflect.NativeMethodAccessorImpl.invoke(NativeMethodAccessorImpl.java:62)
at sun.reflect.DelegatingMethodAccessorImpl.invoke(DelegatingMethodAccessorImpl.java:43)
at java.lang.reflect.Method.invoke(Method.java:498)
at org.testng.internal.MethodInvocationHelper.invokeMethod(MethodInvocationHelper.java:124)
at org.testng.internal.Invoker.invokeMethod(Invoker.java:583)
at org.testng.internal.Invoker.invokeTestMethod(Invoker.java:719)
at org.testng.internal.Invoker.invokeTestMethods(Invoker.java:989)
at org.testng.internal.TestMethodWorker.invokeTestMethods(TestMethodWorker.java:125)
at org.testng.internal.TestMethodWorker.run(TestMethodWorker.java:109)
at org.testng.TestRunner.privateRun(TestRunner.java:648)
at org.testng.TestRunner.run(TestRunner.java:505)
at org.testng.SuiteRunner.runTest(SuiteRunner.java:455)
at org.testng.SuiteRunner.access$000(SuiteRunner.java:40)
at org.testng.SuiteRunner$SuiteWorker.run(SuiteRunner.java:489)
at org.testng.internal.thread.ThreadUtil$1.call(ThreadUtil.java:52)
at java.util.concurrent.FutureTask.run(FutureTask.java:266)
at java.util.concurrent.ThreadPoolExecutor.runWorker(ThreadPoolExecutor.java:1149)
at java.util.concurrent.ThreadPoolExecutor$Worker.run(ThreadPoolExecutor.java:624)
at java.lang.Thread.run(Thread.java:748)
Caused by: org.openqa.selenium.NoSuchElementException: Can't locate an element by this strategy: By.xpath: //*[@class='nav-toggle']
at io.appium.java_client.pagefactory.AppiumElementLocator.findElement(AppiumElementLocator.java:126)
at io.appium.java_client.pagefactory.interceptors.InterceptorOfASingleElement.intercept(InterceptorOfASingleElement.java:60)
at io.appium.java_client.android.AndroidElement$$EnhancerByCGLIB$$b598166c.isDisplayed(<generated>)
at org.openqa.selenium.support.ui.ExpectedConditions.elementIfVisible(ExpectedConditions.java:315)
at org.openqa.selenium.support.ui.ExpectedConditions.access$100(ExpectedConditions.java:44)
at org.openqa.selenium.support.ui.ExpectedConditions$10.apply(ExpectedConditions.java:301)
at org.openqa.selenium.support.ui.ExpectedConditions$10.apply(ExpectedConditions.java:298)
at org.openqa.selenium.support.ui.FluentWait.until(FluentWait.java:248)
... 22 more
Caused by: org.openqa.selenium.TimeoutException: Expected condition failed: waiting for io.appium.java_client.pagefactory.AppiumElementLocator$WaitingFunction@360fe547 (tried for 1 second(s) with 500 milliseconds interval)
at org.openqa.selenium.support.ui.FluentWait.timeoutException(FluentWait.java:303)
at org.openqa.selenium.support.ui.FluentWait.until(FluentWait.java:271)
at io.appium.java_client.pagefactory.AppiumElementLocator.waitFor(AppiumElementLocator.java:99)
at io.appium.java_client.pagefactory.AppiumElementLocator.findElement(AppiumElementLocator.java:119)
... 29 more
Caused by: org.openqa.selenium.NoSuchElementException: no such element: Unable to locate element: {"method":"xpath","selector":"//*[@class='nav-toggle']"}
  (Session info: chrome=71.0.3578.99)
  (Driver info: chromedriver=2.41.578737 (49da6702b16031c40d63e5618de03a32ff6c197e),platform=Windows NT 10.0.14393 x86_64) (WARNING: The server did not provide any stacktrace information)
Command duration or timeout: 0 milliseconds
For documentation on this error, please visit: http://seleniumhq.org/exceptions/no_such_element.html
Build info: version: '3.12.0', revision: '7c6e0b3', time: '2018-05-08T14:04:26.12Z'
System info: host: 'WINDOWS-KEN7H9H', ip: '192.168.0.15', os.name: 'Windows 10', os.arch: 'amd64', os.version: '10.0', java.version: '1.8.0_161'
Driver info: io.appium.java_client.android.AndroidDriver
Capabilities {PNC: PNC_Android_Web, appiumVersion: 1.8.0, autoAcceptAlerts: false, autoDismissAlerts: false, autoGrantPermissions: false, autoWebview: false, browserName: chrome, cloudViewLink: https://sales.experitest.co..., desired: {PNC: PNC_Android_Web, browserName: chrome, deviceQuery: @os='android', newSessionWaitTimeout: 300.0, platformName: Android, testName: user_should_be_on_savings_page}, device.category: PHONE, device.majorVersion: 5, device.manufacture: HUAWEI, device.model: ALE-L02, device.name: HUAWEI ALE-L02, device.os: Android, device.screenSize: 720x1280, device.serialNumber: N2K7N16811000808, device.version: 5.0.1, deviceQuery: @os='android', deviceUDID: N2K7N16811000808, dontGoHomeOnQuit: false, dontStopAppOnReset: false, ehmPrefixUrl: /agent-11, fullReset: false, gridNodePort: 7829, install.only.for.update: false, instrumentApp: false, javascriptEnabled: true, keystorePath: ~/.android/debug.keystore, locationServicesAuthorized: false, newSessionWaitTimeout: 300.0, noReset: false, platform: ANDROID, platformName: ANDROID, projectName: , reportDirectory: reports, reportFormat: xml, reportUrl: https://sales.experitest.co..., reservationDuration: 240.0, takeScreenshots: true, test.type: Mobile, testName: user_should_be_on_savings_page, udid: N2K7N16811000808, useKeystore: false, waitForDeviceTimeout: 120000.0}
Session ID: CLOUD-SID:2019-01-12_00-33-02-94cafeea-5cf5-4f44-bb5e-005c7a9536c6
*** Element info: {Using=xpath, value=//*[@class='nav-toggle']}
at sun.reflect.GeneratedConstructorAccessor49.newInstance(Unknown Source)
at sun.reflect.DelegatingConstructorAccessorImpl.newInstance(DelegatingConstructorAccessorImpl.java:45)
at java.lang.reflect.Constructor.newInstance(Constructor.java:423)
at org.openqa.selenium.remote.ErrorHandler.createThrowable(ErrorHandler.java:214)
at org.openqa.selenium.remote.ErrorHandler.throwIfResponseFailed(ErrorHandler.java:166)
at org.openqa.selenium.remote.http.JsonHttpResponseCodec.reconstructValue(JsonHttpResponseCodec.java:40)
at org.openqa.selenium.remote.http.AbstractHttpResponseCodec.decode(AbstractHttpResponseCodec.java:80)
at org.openqa.selenium.remote.http.AbstractHttpResponseCodec.decode(AbstractHttpResponseCodec.java:44)
at org.openqa.selenium.remote.HttpCommandExecutor.execute(HttpCommandExecutor.java:158)
at io.appium.java_client.remote.AppiumCommandExecutor.execute(AppiumCommandExecutor.java:218)
at org.openqa.selenium.remote.RemoteWebDriver.execute(RemoteWebDriver.java:543)
at io.appium.java_client.DefaultGenericMobileDriver.execute(DefaultGenericMobileDriver.java:42)
at io.appium.java_client.AppiumDriver.execute(AppiumDriver.java:1)
at io.appium.java_client.android.AndroidDriver.execute(AndroidDriver.java:1)
at org.openqa.selenium.remote.RemoteWebDriver.findElement(RemoteWebDriver.java:317)
at io.appium.java_client.DefaultGenericMobileDriver.findElement(DefaultGenericMobileDriver.java:62)
at io.appium.java_client.AppiumDriver.findElement(AppiumDriver.java:1)
at io.appium.java_client.android.AndroidDriver.findElement(AndroidDriver.java:1)
at org.openqa.selenium.remote.RemoteWebDriver.findElementByXPath(RemoteWebDriver.java:419)
at io.appium.java_client.DefaultGenericMobileDriver.findElementByXPath(DefaultGenericMobileDriver.java:152)
at io.appium.java_client.AppiumDriver.findElementByXPath(AppiumDriver.java:1)
at io.appium.java_client.android.AndroidDriver.findElementByXPath(AndroidDriver.java:1)
at org.openqa.selenium.By$ByXPath.findElement(By.java:353)
at org.openqa.selenium.remote.RemoteWebDriver.findElement(RemoteWebDriver.java:309)
at io.appium.java_client.DefaultGenericMobileDriver.findElement(DefaultGenericMobileDriver.java:58)
at io.appium.java_client.AppiumDriver.findElement(AppiumDriver.java:1)
at io.appium.java_client.android.AndroidDriver.findElement(AndroidDriver.java:1)
at io.appium.java_client.pagefactory.bys.ContentMappedBy.findElement(ContentMappedBy.java:50)
at org.openqa.selenium.remote.RemoteWebDriver.findElement(RemoteWebDriver.java:309)
at io.appium.java_client.DefaultGenericMobileDriver.findElement(DefaultGenericMobileDriver.java:58)
at io.appium.java_client.AppiumDriver.findElement(AppiumDriver.java:1)
at io.appium.java_client.android.AndroidDriver.findElement(AndroidDriver.java:1)
at io.appium.java_client.pagefactory.AppiumElementLocator.lambda$0(AppiumElementLocator.java:120)
at io.appium.java_client.pagefactory.AppiumElementLocator$WaitingFunction.apply(AppiumElementLocator.java:172)
at io.appium.java_client.pagefactory.AppiumElementLocator$WaitingFunction.apply(AppiumElementLocator.java:1)
at org.openqa.selenium.support.ui.FluentWait.until(FluentWait.java:248)
... 31 more
]]>
            </full-stacktrace>
          </exception> <!-- org.openqa.selenium.TimeoutException -->
          <reporter-output>
          </reporter-output>
        </test-method> <!-- user_should_be_on_savings_page -->
        <test-method status="PASS" signature="tearDown()[pri:0, instance:tests.SavingsRelatedTest@146ba0ac]" name="tearDown" is-config="true" duration-ms="11137" started-at="2019-01-11T22:34:17Z" finished-at="2019-01-11T22:34:28Z">
          <reporter-output>
          </reporter-output>
        </test-method> <!-- tearDown -->
      </class> <!-- tests.SavingsRelatedTest -->
    </test> <!-- Savings Android -->
    <test name="Savings Android 3" duration-ms="90959" started-at="2019-01-11T22:33:11Z" finished-at="2019-01-11T22:34:42Z">
      <class name="tests.SavingsRelatedTest">
        <test-method status="PASS" signature="setUp(java.lang.String, java.lang.reflect.Method)[pri:0, instance:tests.SavingsRelatedTest@3a5ed7a6]" name="setUp" is-config="true" duration-ms="32248" started-at="2019-01-11T22:33:11Z" finished-at="2019-01-11T22:33:43Z">
          <params>
            <param index="0">
              <value>
                <![CDATA[Android]]>
              </value>
            </param>
            <param index="1">
              <value>
                <![CDATA[public void tests.SavingsRelatedTest.user_should_be_on_savings_page()]]>
              </value>
            </param>
          </params>
          <reporter-output>
          </reporter-output>
        </test-method> <!-- setUp -->
        <test-method status="PASS" signature="setUpAllPages()[pri:0, instance:tests.SavingsRelatedTest@3a5ed7a6]" name="setUpAllPages" is-config="true" duration-ms="14005" started-at="2019-01-11T22:33:43Z" finished-at="2019-01-11T22:33:57Z">
          <reporter-output>
          </reporter-output>
        </test-method> <!-- setUpAllPages -->
        <test-method status="PASS" signature="user_should_be_on_savings_page()[pri:0, instance:tests.SavingsRelatedTest@3a5ed7a6]" name="user_should_be_on_savings_page" duration-ms="34892" started-at="2019-01-11T22:33:57Z" finished-at="2019-01-11T22:34:32Z">
          <reporter-output>
          </reporter-output>
        </test-method> <!-- user_should_be_on_savings_page -->
        <test-method status="PASS" signature="tearDown()[pri:0, instance:tests.SavingsRelatedTest@3a5ed7a6]" name="tearDown" is-config="true" duration-ms="9814" started-at="2019-01-11T22:34:32Z" finished-at="2019-01-11T22:34:42Z">
          <reporter-output>
          </reporter-output>
        </test-method> <!-- tearDown -->
      </class> <!-- tests.SavingsRelatedTest -->
    </test> <!-- Savings Android 3 -->
    <test name="Checking IOS 2" duration-ms="98252" started-at="2019-01-11T22:33:11Z" finished-at="2019-01-11T22:34:49Z">
      <class name="tests.CheckingRelatedTest">
        <test-method status="PASS" signature="setUp(java.lang.String, java.lang.reflect.Method)[pri:0, instance:tests.CheckingRelatedTest@29ca901e]" name="setUp" is-config="true" duration-ms="46400" started-at="2019-01-11T22:33:11Z" finished-at="2019-01-11T22:33:57Z">
          <params>
            <param index="0">
              <value>
                <![CDATA[IOS]]>
              </value>
            </param>
            <param index="1">
              <value>
                <![CDATA[public void tests.CheckingRelatedTest.user_should_be_on_checking_page()]]>
              </value>
            </param>
          </params>
          <reporter-output>
          </reporter-output>
        </test-method> <!-- setUp -->
        <test-method status="PASS" signature="setUpAllPages()[pri:0, instance:tests.CheckingRelatedTest@29ca901e]" name="setUpAllPages" is-config="true" duration-ms="12342" started-at="2019-01-11T22:33:57Z" finished-at="2019-01-11T22:34:10Z">
          <reporter-output>
          </reporter-output>
        </test-method> <!-- setUpAllPages -->
        <test-method status="PASS" signature="user_should_be_on_checking_page()[pri:0, instance:tests.CheckingRelatedTest@29ca901e]" name="user_should_be_on_checking_page" duration-ms="35350" started-at="2019-01-11T22:34:10Z" finished-at="2019-01-11T22:34:45Z">
          <reporter-output>
          </reporter-output>
        </test-method> <!-- user_should_be_on_checking_page -->
        <test-method status="PASS" signature="tearDown()[pri:0, instance:tests.CheckingRelatedTest@29ca901e]" name="tearDown" is-config="true" duration-ms="4159" started-at="2019-01-11T22:34:45Z" finished-at="2019-01-11T22:34:49Z">
          <reporter-output>
          </reporter-output>
        </test-method> <!-- tearDown -->
      </class> <!-- tests.CheckingRelatedTest -->
    </test> <!-- Checking IOS 2 -->
    <test name="Search Android" duration-ms="99874" started-at="2019-01-11T22:33:11Z" finished-at="2019-01-11T22:34:51Z">
      <class name="tests.SearchResultsTest">
        <test-method status="PASS" signature="setUp(java.lang.String, java.lang.reflect.Method)[pri:0, instance:tests.SearchResultsTest@39aeed2f]" name="setUp" is-config="true" duration-ms="35241" started-at="2019-01-11T22:33:11Z" finished-at="2019-01-11T22:33:46Z">
          <params>
            <param index="0">
              <value>
                <![CDATA[Android]]>
              </value>
            </param>
            <param index="1">
              <value>
                <![CDATA[public void tests.SearchResultsTest.verify_item_displayed_in_search_results_list()]]>
              </value>
            </param>
          </params>
          <reporter-output>
          </reporter-output>
        </test-method> <!-- setUp -->
        <test-method status="PASS" signature="setUpAllPages()[pri:0, instance:tests.SearchResultsTest@39aeed2f]" name="setUpAllPages" is-config="true" duration-ms="24628" started-at="2019-01-11T22:33:46Z" finished-at="2019-01-11T22:34:11Z">
          <reporter-output>
          </reporter-output>
        </test-method> <!-- setUpAllPages -->
        <test-method status="PASS" signature="verify_item_displayed_in_search_results_list()[pri:0, instance:tests.SearchResultsTest@39aeed2f]" name="verify_item_displayed_in_search_results_list" duration-ms="29397" started-at="2019-01-11T22:34:11Z" finished-at="2019-01-11T22:34:40Z">
          <reporter-output>
          </reporter-output>
        </test-method> <!-- verify_item_displayed_in_search_results_list -->
        <test-method status="PASS" signature="tearDown()[pri:0, instance:tests.SearchResultsTest@39aeed2f]" name="tearDown" is-config="true" duration-ms="10532" started-at="2019-01-11T22:34:40Z" finished-at="2019-01-11T22:34:51Z">
          <reporter-output>
          </reporter-output>
        </test-method> <!-- tearDown -->
      </class> <!-- tests.SearchResultsTest -->
    </test> <!-- Search Android -->
    <test name="Savings IOS" duration-ms="106424" started-at="2019-01-11T22:33:11Z" finished-at="2019-01-11T22:34:57Z">
      <class name="tests.SavingsRelatedTest">
        <test-method status="PASS" signature="setUp(java.lang.String, java.lang.reflect.Method)[pri:0, instance:tests.SavingsRelatedTest@57fffcd7]" name="setUp" is-config="true" duration-ms="33654" started-at="2019-01-11T22:33:11Z" finished-at="2019-01-11T22:33:45Z">
          <params>
            <param index="0">
              <value>
                <![CDATA[IOS]]>
              </value>
            </param>
            <param index="1">
              <value>
                <![CDATA[public void tests.SavingsRelatedTest.user_should_be_on_savings_page()]]>
              </value>
            </param>
          </params>
          <reporter-output>
          </reporter-output>
        </test-method> <!-- setUp -->
        <test-method status="PASS" signature="setUpAllPages()[pri:0, instance:tests.SavingsRelatedTest@57fffcd7]" name="setUpAllPages" is-config="true" duration-ms="11525" started-at="2019-01-11T22:33:45Z" finished-at="2019-01-11T22:33:56Z">
          <reporter-output>
          </reporter-output>
        </test-method> <!-- setUpAllPages -->
        <test-method status="PASS" signature="user_should_be_on_savings_page()[pri:0, instance:tests.SavingsRelatedTest@57fffcd7]" name="user_should_be_on_savings_page" duration-ms="56160" started-at="2019-01-11T22:33:56Z" finished-at="2019-01-11T22:34:52Z">
          <reporter-output>
          </reporter-output>
        </test-method> <!-- user_should_be_on_savings_page -->
        <test-method status="PASS" signature="tearDown()[pri:0, instance:tests.SavingsRelatedTest@57fffcd7]" name="tearDown" is-config="true" duration-ms="5084" started-at="2019-01-11T22:34:52Z" finished-at="2019-01-11T22:34:57Z">
          <reporter-output>
          </reporter-output>
        </test-method> <!-- tearDown -->
      </class> <!-- tests.SavingsRelatedTest -->
    </test> <!-- Savings IOS -->
    <test name="Checking IOS 3" duration-ms="119943" started-at="2019-01-11T22:33:11Z" finished-at="2019-01-11T22:35:11Z">
      <class name="tests.CheckingRelatedTest">
        <test-method status="PASS" signature="setUp(java.lang.String, java.lang.reflect.Method)[pri:0, instance:tests.CheckingRelatedTest@3b0143d3]" name="setUp" is-config="true" duration-ms="44987" started-at="2019-01-11T22:33:11Z" finished-at="2019-01-11T22:33:56Z">
          <params>
            <param index="0">
              <value>
                <![CDATA[IOS]]>
              </value>
            </param>
            <param index="1">
              <value>
                <![CDATA[public void tests.CheckingRelatedTest.user_should_be_on_checking_page()]]>
              </value>
            </param>
          </params>
          <reporter-output>
          </reporter-output>
        </test-method> <!-- setUp -->
        <test-method status="PASS" signature="setUpAllPages()[pri:0, instance:tests.CheckingRelatedTest@3b0143d3]" name="setUpAllPages" is-config="true" duration-ms="8439" started-at="2019-01-11T22:33:56Z" finished-at="2019-01-11T22:34:04Z">
          <reporter-output>
          </reporter-output>
        </test-method> <!-- setUpAllPages -->
        <test-method status="PASS" signature="user_should_be_on_checking_page()[pri:0, instance:tests.CheckingRelatedTest@3b0143d3]" name="user_should_be_on_checking_page" duration-ms="58400" started-at="2019-01-11T22:34:04Z" finished-at="2019-01-11T22:35:03Z">
          <reporter-output>
          </reporter-output>
        </test-method> <!-- user_should_be_on_checking_page -->
        <test-method status="PASS" signature="tearDown()[pri:0, instance:tests.CheckingRelatedTest@3b0143d3]" name="tearDown" is-config="true" duration-ms="8115" started-at="2019-01-11T22:35:03Z" finished-at="2019-01-11T22:35:11Z">
          <reporter-output>
          </reporter-output>
        </test-method> <!-- tearDown -->
      </class> <!-- tests.CheckingRelatedTest -->
    </test> <!-- Checking IOS 3 -->
    <test name="Credit Cards Android 3" duration-ms="135326" started-at="2019-01-11T22:33:11Z" finished-at="2019-01-11T22:35:26Z">
      <class name="tests.CreditCardsRelatedTest">
        <test-method status="PASS" signature="setUp(java.lang.String, java.lang.reflect.Method)[pri:0, instance:tests.CreditCardsRelatedTest@3dd4520b]" name="setUp" is-config="true" duration-ms="101643" started-at="2019-01-11T22:33:11Z" finished-at="2019-01-11T22:34:53Z">
          <params>
            <param index="0">
              <value>
                <![CDATA[Android]]>
              </value>
            </param>
            <param index="1">
              <value>
                <![CDATA[public void tests.CreditCardsRelatedTest.user_should_be_on_credit_cards_page()]]>
              </value>
            </param>
          </params>
          <reporter-output>
          </reporter-output>
        </test-method> <!-- setUp -->
        <test-method status="PASS" signature="setUpAllPages()[pri:0, instance:tests.CreditCardsRelatedTest@3dd4520b]" name="setUpAllPages" is-config="true" duration-ms="2765" started-at="2019-01-11T22:34:53Z" finished-at="2019-01-11T22:34:55Z">
          <reporter-output>
          </reporter-output>
        </test-method> <!-- setUpAllPages -->
        <test-method status="FAIL" signature="user_should_be_on_credit_cards_page()[pri:0, instance:tests.CreditCardsRelatedTest@3dd4520b]" name="user_should_be_on_credit_cards_page" duration-ms="21488" started-at="2019-01-11T22:34:55Z" finished-at="2019-01-11T22:35:17Z">
          <exception class="org.openqa.selenium.TimeoutException">
            <message>
              <![CDATA[Expected condition failed: waiting for visibility of Located by By.xpath: //*[@class='nav-toggle'] (tried for 20 second(s) with 500 milliseconds interval)]]>
            </message>
            <full-stacktrace>
              <![CDATA[org.openqa.selenium.TimeoutException: Expected condition failed: waiting for visibility of Located by By.xpath: //*[@class='nav-toggle'] (tried for 20 second(s) with 500 milliseconds interval)
at org.openqa.selenium.support.ui.WebDriverWait.timeoutException(WebDriverWait.java:81)
at org.openqa.selenium.support.ui.FluentWait.until(FluentWait.java:271)
at pages.BankingDropDownPage.click_on_hamburger_icon(BankingDropDownPage.java:30)
at tests.CreditCardsRelatedTest.user_should_be_on_credit_cards_page(CreditCardsRelatedTest.java:30)
at sun.reflect.NativeMethodAccessorImpl.invoke0(Native Method)
at sun.reflect.NativeMethodAccessorImpl.invoke(NativeMethodAccessorImpl.java:62)
at sun.reflect.DelegatingMethodAccessorImpl.invoke(DelegatingMethodAccessorImpl.java:43)
at java.lang.reflect.Method.invoke(Method.java:498)
at org.testng.internal.MethodInvocationHelper.invokeMethod(MethodInvocationHelper.java:124)
at org.testng.internal.Invoker.invokeMethod(Invoker.java:583)
at org.testng.internal.Invoker.invokeTestMethod(Invoker.java:719)
at org.testng.internal.Invoker.invokeTestMethods(Invoker.java:989)
at org.testng.internal.TestMethodWorker.invokeTestMethods(TestMethodWorker.java:125)
at org.testng.internal.TestMethodWorker.run(TestMethodWorker.java:109)
at org.testng.TestRunner.privateRun(TestRunner.java:648)
at org.testng.TestRunner.run(TestRunner.java:505)
at org.testng.SuiteRunner.runTest(SuiteRunner.java:455)
at org.testng.SuiteRunner.access$000(SuiteRunner.java:40)
at org.testng.SuiteRunner$SuiteWorker.run(SuiteRunner.java:489)
at org.testng.internal.thread.ThreadUtil$1.call(ThreadUtil.java:52)
at java.util.concurrent.FutureTask.run(FutureTask.java:266)
at java.util.concurrent.ThreadPoolExecutor.runWorker(ThreadPoolExecutor.java:1149)
at java.util.concurrent.ThreadPoolExecutor$Worker.run(ThreadPoolExecutor.java:624)
at java.lang.Thread.run(Thread.java:748)
Caused by: org.openqa.selenium.NoSuchElementException: Can't locate an element by this strategy: By.xpath: //*[@class='nav-toggle']
at io.appium.java_client.pagefactory.AppiumElementLocator.findElement(AppiumElementLocator.java:126)
at io.appium.java_client.pagefactory.interceptors.InterceptorOfASingleElement.intercept(InterceptorOfASingleElement.java:60)
at io.appium.java_client.android.AndroidElement$$EnhancerByCGLIB$$b598166c.isDisplayed(<generated>)
at org.openqa.selenium.support.ui.ExpectedConditions.elementIfVisible(ExpectedConditions.java:315)
at org.openqa.selenium.support.ui.ExpectedConditions.access$100(ExpectedConditions.java:44)
at org.openqa.selenium.support.ui.ExpectedConditions$10.apply(ExpectedConditions.java:301)
at org.openqa.selenium.support.ui.ExpectedConditions$10.apply(ExpectedConditions.java:298)
at org.openqa.selenium.support.ui.FluentWait.until(FluentWait.java:248)
... 22 more
Caused by: org.openqa.selenium.TimeoutException: Expected condition failed: waiting for io.appium.java_client.pagefactory.AppiumElementLocator$WaitingFunction@41b35e5a (tried for 1 second(s) with 500 milliseconds interval)
at org.openqa.selenium.support.ui.FluentWait.timeoutException(FluentWait.java:303)
at org.openqa.selenium.support.ui.FluentWait.until(FluentWait.java:271)
at io.appium.java_client.pagefactory.AppiumElementLocator.waitFor(AppiumElementLocator.java:99)
at io.appium.java_client.pagefactory.AppiumElementLocator.findElement(AppiumElementLocator.java:119)
... 29 more
Caused by: org.openqa.selenium.NoSuchElementException: no such element: Unable to locate element: {"method":"xpath","selector":"//*[@class='nav-toggle']"}
  (Session info: chrome=71.0.3578.99)
  (Driver info: chromedriver=2.41.578737 (49da6702b16031c40d63e5618de03a32ff6c197e),platform=Windows NT 10.0.14393 x86_64) (WARNING: The server did not provide any stacktrace information)
Command duration or timeout: 0 milliseconds
For documentation on this error, please visit: http://seleniumhq.org/exceptions/no_such_element.html
Build info: version: '3.12.0', revision: '7c6e0b3', time: '2018-05-08T14:04:26.12Z'
System info: host: 'WINDOWS-KEN7H9H', ip: '192.168.0.15', os.name: 'Windows 10', os.arch: 'amd64', os.version: '10.0', java.version: '1.8.0_161'
Driver info: io.appium.java_client.android.AndroidDriver
Capabilities {PNC: PNC_Android_Web, appiumVersion: 1.8.0, autoAcceptAlerts: false, autoDismissAlerts: false, autoGrantPermissions: false, autoWebview: false, browserName: chrome, cloudViewLink: https://sales.experitest.co..., desired: {PNC: PNC_Android_Web, browserName: chrome, deviceQuery: @os='android', newSessionWaitTimeout: 300.0, platformName: Android, testName: user_should_be_on_credit_ca...}, device.category: PHONE, device.majorVersion: 5, device.manufacture: HUAWEI, device.model: HUAWEI GRA-L09, device.name: HUAWEI A0141, device.os: Android, device.screenSize: 1080x1920, device.serialNumber: S7M0215829004355, device.version: 5.0, deviceQuery: @os='android', deviceUDID: S7M0215829004355, dontGoHomeOnQuit: false, dontStopAppOnReset: false, ehmPrefixUrl: /agent-11, fullReset: false, gridNodePort: 7831, install.only.for.update: false, instrumentApp: false, javascriptEnabled: true, keystorePath: ~/.android/debug.keystore, locationServicesAuthorized: false, newSessionWaitTimeout: 300.0, noReset: false, platform: ANDROID, platformName: ANDROID, projectName: , reportDirectory: reports, reportFormat: xml, reportUrl: https://sales.experitest.co..., reservationDuration: 240.0, takeScreenshots: true, test.type: Mobile, testName: user_should_be_on_credit_ca..., udid: S7M0215829004355, useKeystore: false, waitForDeviceTimeout: 120000.0}
Session ID: CLOUD-SID:2019-01-12_00-33-02-4fccd0a7-6808-47cc-9e38-ccd6d87212d1
*** Element info: {Using=xpath, value=//*[@class='nav-toggle']}
at sun.reflect.GeneratedConstructorAccessor49.newInstance(Unknown Source)
at sun.reflect.DelegatingConstructorAccessorImpl.newInstance(DelegatingConstructorAccessorImpl.java:45)
at java.lang.reflect.Constructor.newInstance(Constructor.java:423)
at org.openqa.selenium.remote.ErrorHandler.createThrowable(ErrorHandler.java:214)
at org.openqa.selenium.remote.ErrorHandler.throwIfResponseFailed(ErrorHandler.java:166)
at org.openqa.selenium.remote.http.JsonHttpResponseCodec.reconstructValue(JsonHttpResponseCodec.java:40)
at org.openqa.selenium.remote.http.AbstractHttpResponseCodec.decode(AbstractHttpResponseCodec.java:80)
at org.openqa.selenium.remote.http.AbstractHttpResponseCodec.decode(AbstractHttpResponseCodec.java:44)
at org.openqa.selenium.remote.HttpCommandExecutor.execute(HttpCommandExecutor.java:158)
at io.appium.java_client.remote.AppiumCommandExecutor.execute(AppiumCommandExecutor.java:218)
at org.openqa.selenium.remote.RemoteWebDriver.execute(RemoteWebDriver.java:543)
at io.appium.java_client.DefaultGenericMobileDriver.execute(DefaultGenericMobileDriver.java:42)
at io.appium.java_client.AppiumDriver.execute(AppiumDriver.java:1)
at io.appium.java_client.android.AndroidDriver.execute(AndroidDriver.java:1)
at org.openqa.selenium.remote.RemoteWebDriver.findElement(RemoteWebDriver.java:317)
at io.appium.java_client.DefaultGenericMobileDriver.findElement(DefaultGenericMobileDriver.java:62)
at io.appium.java_client.AppiumDriver.findElement(AppiumDriver.java:1)
at io.appium.java_client.android.AndroidDriver.findElement(AndroidDriver.java:1)
at org.openqa.selenium.remote.RemoteWebDriver.findElementByXPath(RemoteWebDriver.java:419)
at io.appium.java_client.DefaultGenericMobileDriver.findElementByXPath(DefaultGenericMobileDriver.java:152)
at io.appium.java_client.AppiumDriver.findElementByXPath(AppiumDriver.java:1)
at io.appium.java_client.android.AndroidDriver.findElementByXPath(AndroidDriver.java:1)
at org.openqa.selenium.By$ByXPath.findElement(By.java:353)
at org.openqa.selenium.remote.RemoteWebDriver.findElement(RemoteWebDriver.java:309)
at io.appium.java_client.DefaultGenericMobileDriver.findElement(DefaultGenericMobileDriver.java:58)
at io.appium.java_client.AppiumDriver.findElement(AppiumDriver.java:1)
at io.appium.java_client.android.AndroidDriver.findElement(AndroidDriver.java:1)
at io.appium.java_client.pagefactory.bys.ContentMappedBy.findElement(ContentMappedBy.java:50)
at org.openqa.selenium.remote.RemoteWebDriver.findElement(RemoteWebDriver.java:309)
at io.appium.java_client.DefaultGenericMobileDriver.findElement(DefaultGenericMobileDriver.java:58)
at io.appium.java_client.AppiumDriver.findElement(AppiumDriver.java:1)
at io.appium.java_client.android.AndroidDriver.findElement(AndroidDriver.java:1)
at io.appium.java_client.pagefactory.AppiumElementLocator.lambda$0(AppiumElementLocator.java:120)
at io.appium.java_client.pagefactory.AppiumElementLocator$WaitingFunction.apply(AppiumElementLocator.java:172)
at io.appium.java_client.pagefactory.AppiumElementLocator$WaitingFunction.apply(AppiumElementLocator.java:1)
at org.openqa.selenium.support.ui.FluentWait.until(FluentWait.java:248)
... 31 more
]]>
            </full-stacktrace>
          </exception> <!-- org.openqa.selenium.TimeoutException -->
          <reporter-output>
          </reporter-output>
        </test-method> <!-- user_should_be_on_credit_cards_page -->
        <test-method status="PASS" signature="tearDown()[pri:0, instance:tests.CreditCardsRelatedTest@3dd4520b]" name="tearDown" is-config="true" duration-ms="9427" started-at="2019-01-11T22:35:17Z" finished-at="2019-01-11T22:35:26Z">
          <reporter-output>
          </reporter-output>
        </test-method> <!-- tearDown -->
      </class> <!-- tests.CreditCardsRelatedTest -->
    </test> <!-- Credit Cards Android 3 -->
    <test name="Savings IOS 2" duration-ms="137041" started-at="2019-01-11T22:33:11Z" finished-at="2019-01-11T22:35:28Z">
      <class name="tests.SavingsRelatedTest">
        <test-method status="PASS" signature="setUp(java.lang.String, java.lang.reflect.Method)[pri:0, instance:tests.SavingsRelatedTest@617faa95]" name="setUp" is-config="true" duration-ms="44945" started-at="2019-01-11T22:33:11Z" finished-at="2019-01-11T22:33:56Z">
          <params>
            <param index="0">
              <value>
                <![CDATA[IOS]]>
              </value>
            </param>
            <param index="1">
              <value>
                <![CDATA[public void tests.SavingsRelatedTest.user_should_be_on_savings_page()]]>
              </value>
            </param>
          </params>
          <reporter-output>
          </reporter-output>
        </test-method> <!-- setUp -->
        <test-method status="PASS" signature="setUpAllPages()[pri:0, instance:tests.SavingsRelatedTest@617faa95]" name="setUpAllPages" is-config="true" duration-ms="7296" started-at="2019-01-11T22:33:56Z" finished-at="2019-01-11T22:34:03Z">
          <reporter-output>
          </reporter-output>
        </test-method> <!-- setUpAllPages -->
        <test-method status="PASS" signature="user_should_be_on_savings_page()[pri:0, instance:tests.SavingsRelatedTest@617faa95]" name="user_should_be_on_savings_page" duration-ms="76369" started-at="2019-01-11T22:34:03Z" finished-at="2019-01-11T22:35:20Z">
          <reporter-output>
          </reporter-output>
        </test-method> <!-- user_should_be_on_savings_page -->
        <test-method status="PASS" signature="tearDown()[pri:0, instance:tests.SavingsRelatedTest@617faa95]" name="tearDown" is-config="true" duration-ms="8430" started-at="2019-01-11T22:35:20Z" finished-at="2019-01-11T22:35:28Z">
          <reporter-output>
          </reporter-output>
        </test-method> <!-- tearDown -->
      </class> <!-- tests.SavingsRelatedTest -->
    </test> <!-- Savings IOS 2 -->
    <test name="Checking Android 2" duration-ms="139369" started-at="2019-01-11T22:33:11Z" finished-at="2019-01-11T22:35:30Z">
      <class name="tests.CheckingRelatedTest">
        <test-method status="PASS" signature="setUp(java.lang.String, java.lang.reflect.Method)[pri:0, instance:tests.CheckingRelatedTest@ff5b51f]" name="setUp" is-config="true" duration-ms="98524" started-at="2019-01-11T22:33:11Z" finished-at="2019-01-11T22:34:49Z">
          <params>
            <param index="0">
              <value>
                <![CDATA[Android]]>
              </value>
            </param>
            <param index="1">
              <value>
                <![CDATA[public void tests.CheckingRelatedTest.user_should_be_on_checking_page()]]>
              </value>
            </param>
          </params>
          <reporter-output>
          </reporter-output>
        </test-method> <!-- setUp -->
        <test-method status="PASS" signature="setUpAllPages()[pri:0, instance:tests.CheckingRelatedTest@ff5b51f]" name="setUpAllPages" is-config="true" duration-ms="10167" started-at="2019-01-11T22:34:49Z" finished-at="2019-01-11T22:35:00Z">
          <reporter-output>
          </reporter-output>
        </test-method> <!-- setUpAllPages -->
        <test-method status="FAIL" signature="user_should_be_on_checking_page()[pri:0, instance:tests.CheckingRelatedTest@ff5b51f]" name="user_should_be_on_checking_page" duration-ms="22914" started-at="2019-01-11T22:35:00Z" finished-at="2019-01-11T22:35:23Z">
          <exception class="org.openqa.selenium.TimeoutException">
            <message>
              <![CDATA[Expected condition failed: waiting for visibility of Located by By.xpath: //*[@class='nav-toggle'] (tried for 20 second(s) with 500 milliseconds interval)]]>
            </message>
            <full-stacktrace>
              <![CDATA[org.openqa.selenium.TimeoutException: Expected condition failed: waiting for visibility of Located by By.xpath: //*[@class='nav-toggle'] (tried for 20 second(s) with 500 milliseconds interval)
at org.openqa.selenium.support.ui.WebDriverWait.timeoutException(WebDriverWait.java:81)
at org.openqa.selenium.support.ui.FluentWait.until(FluentWait.java:271)
at pages.BankingDropDownPage.click_on_hamburger_icon(BankingDropDownPage.java:30)
at tests.CheckingRelatedTest.user_should_be_on_checking_page(CheckingRelatedTest.java:30)
at sun.reflect.NativeMethodAccessorImpl.invoke0(Native Method)
at sun.reflect.NativeMethodAccessorImpl.invoke(NativeMethodAccessorImpl.java:62)
at sun.reflect.DelegatingMethodAccessorImpl.invoke(DelegatingMethodAccessorImpl.java:43)
at java.lang.reflect.Method.invoke(Method.java:498)
at org.testng.internal.MethodInvocationHelper.invokeMethod(MethodInvocationHelper.java:124)
at org.testng.internal.Invoker.invokeMethod(Invoker.java:583)
at org.testng.internal.Invoker.invokeTestMethod(Invoker.java:719)
at org.testng.internal.Invoker.invokeTestMethods(Invoker.java:989)
at org.testng.internal.TestMethodWorker.invokeTestMethods(TestMethodWorker.java:125)
at org.testng.internal.TestMethodWorker.run(TestMethodWorker.java:109)
at org.testng.TestRunner.privateRun(TestRunner.java:648)
at org.testng.TestRunner.run(TestRunner.java:505)
at org.testng.SuiteRunner.runTest(SuiteRunner.java:455)
at org.testng.SuiteRunner.access$000(SuiteRunner.java:40)
at org.testng.SuiteRunner$SuiteWorker.run(SuiteRunner.java:489)
at org.testng.internal.thread.ThreadUtil$1.call(ThreadUtil.java:52)
at java.util.concurrent.FutureTask.run(FutureTask.java:266)
at java.util.concurrent.ThreadPoolExecutor.runWorker(ThreadPoolExecutor.java:1149)
at java.util.concurrent.ThreadPoolExecutor$Worker.run(ThreadPoolExecutor.java:624)
at java.lang.Thread.run(Thread.java:748)
Caused by: org.openqa.selenium.NoSuchElementException: Can't locate an element by this strategy: By.xpath: //*[@class='nav-toggle']
at io.appium.java_client.pagefactory.AppiumElementLocator.findElement(AppiumElementLocator.java:126)
at io.appium.java_client.pagefactory.interceptors.InterceptorOfASingleElement.intercept(InterceptorOfASingleElement.java:60)
at io.appium.java_client.android.AndroidElement$$EnhancerByCGLIB$$b598166c.isDisplayed(<generated>)
at org.openqa.selenium.support.ui.ExpectedConditions.elementIfVisible(ExpectedConditions.java:315)
at org.openqa.selenium.support.ui.ExpectedConditions.access$100(ExpectedConditions.java:44)
at org.openqa.selenium.support.ui.ExpectedConditions$10.apply(ExpectedConditions.java:301)
at org.openqa.selenium.support.ui.ExpectedConditions$10.apply(ExpectedConditions.java:298)
at org.openqa.selenium.support.ui.FluentWait.until(FluentWait.java:248)
... 22 more
Caused by: org.openqa.selenium.TimeoutException: Expected condition failed: waiting for io.appium.java_client.pagefactory.AppiumElementLocator$WaitingFunction@d762450 (tried for 1 second(s) with 500 milliseconds interval)
at org.openqa.selenium.support.ui.FluentWait.timeoutException(FluentWait.java:303)
at org.openqa.selenium.support.ui.FluentWait.until(FluentWait.java:271)
at io.appium.java_client.pagefactory.AppiumElementLocator.waitFor(AppiumElementLocator.java:99)
at io.appium.java_client.pagefactory.AppiumElementLocator.findElement(AppiumElementLocator.java:119)
... 29 more
Caused by: org.openqa.selenium.NoSuchElementException: no such element: Unable to locate element: {"method":"xpath","selector":"//*[@class='nav-toggle']"}
  (Session info: chrome=69.0.3497.100)
  (Driver info: chromedriver=2.41.578737 (49da6702b16031c40d63e5618de03a32ff6c197e),platform=Windows NT 10.0.14393 x86_64) (WARNING: The server did not provide any stacktrace information)
Command duration or timeout: 0 milliseconds
For documentation on this error, please visit: http://seleniumhq.org/exceptions/no_such_element.html
Build info: version: '3.12.0', revision: '7c6e0b3', time: '2018-05-08T14:04:26.12Z'
System info: host: 'WINDOWS-KEN7H9H', ip: '192.168.0.15', os.name: 'Windows 10', os.arch: 'amd64', os.version: '10.0', java.version: '1.8.0_161'
Driver info: io.appium.java_client.android.AndroidDriver
Capabilities {PNC: PNC_Android_Web, appiumVersion: 1.8.0, autoAcceptAlerts: false, autoDismissAlerts: false, autoGrantPermissions: false, autoWebview: false, browserName: chrome, cloudViewLink: https://sales.experitest.co..., desired: {PNC: PNC_Android_Web, browserName: chrome, deviceQuery: @os='android', newSessionWaitTimeout: 300.0, platformName: Android, testName: user_should_be_on_checking_...}, device.category: PHONE, device.majorVersion: 8, device.manufacture: samsung, device.model: SM-N950F, device.name: Galaxy Note 8 A0259, device.os: Android, device.screenSize: 1080x2220, device.serialNumber: 988b5a43383648315830, device.version: 8.0.0, deviceQuery: @os='android', deviceUDID: 988b5a43383648315830, dontGoHomeOnQuit: false, dontStopAppOnReset: false, ehmPrefixUrl: /agent-11, fullReset: false, gridNodePort: 7830, install.only.for.update: false, instrumentApp: false, javascriptEnabled: true, keystorePath: ~/.android/debug.keystore, locationServicesAuthorized: false, newSessionWaitTimeout: 300.0, noReset: false, platform: ANDROID, platformName: ANDROID, projectName: , reportDirectory: reports, reportFormat: xml, reportUrl: https://sales.experitest.co..., reservationDuration: 240.0, takeScreenshots: true, test.type: Mobile, testName: user_should_be_on_checking_..., udid: 988b5a43383648315830, useKeystore: false, waitForDeviceTimeout: 120000.0}
Session ID: CLOUD-SID:2019-01-12_00-33-02-2f965172-7a5d-4a66-9c61-1f5e071aff4a
*** Element info: {Using=xpath, value=//*[@class='nav-toggle']}
at sun.reflect.GeneratedConstructorAccessor49.newInstance(Unknown Source)
at sun.reflect.DelegatingConstructorAccessorImpl.newInstance(DelegatingConstructorAccessorImpl.java:45)
at java.lang.reflect.Constructor.newInstance(Constructor.java:423)
at org.openqa.selenium.remote.ErrorHandler.createThrowable(ErrorHandler.java:214)
at org.openqa.selenium.remote.ErrorHandler.throwIfResponseFailed(ErrorHandler.java:166)
at org.openqa.selenium.remote.http.JsonHttpResponseCodec.reconstructValue(JsonHttpResponseCodec.java:40)
at org.openqa.selenium.remote.http.AbstractHttpResponseCodec.decode(AbstractHttpResponseCodec.java:80)
at org.openqa.selenium.remote.http.AbstractHttpResponseCodec.decode(AbstractHttpResponseCodec.java:44)
at org.openqa.selenium.remote.HttpCommandExecutor.execute(HttpCommandExecutor.java:158)
at io.appium.java_client.remote.AppiumCommandExecutor.execute(AppiumCommandExecutor.java:218)
at org.openqa.selenium.remote.RemoteWebDriver.execute(RemoteWebDriver.java:543)
at io.appium.java_client.DefaultGenericMobileDriver.execute(DefaultGenericMobileDriver.java:42)
at io.appium.java_client.AppiumDriver.execute(AppiumDriver.java:1)
at io.appium.java_client.android.AndroidDriver.execute(AndroidDriver.java:1)
at org.openqa.selenium.remote.RemoteWebDriver.findElement(RemoteWebDriver.java:317)
at io.appium.java_client.DefaultGenericMobileDriver.findElement(DefaultGenericMobileDriver.java:62)
at io.appium.java_client.AppiumDriver.findElement(AppiumDriver.java:1)
at io.appium.java_client.android.AndroidDriver.findElement(AndroidDriver.java:1)
at org.openqa.selenium.remote.RemoteWebDriver.findElementByXPath(RemoteWebDriver.java:419)
at io.appium.java_client.DefaultGenericMobileDriver.findElementByXPath(DefaultGenericMobileDriver.java:152)
at io.appium.java_client.AppiumDriver.findElementByXPath(AppiumDriver.java:1)
at io.appium.java_client.android.AndroidDriver.findElementByXPath(AndroidDriver.java:1)
at org.openqa.selenium.By$ByXPath.findElement(By.java:353)
at org.openqa.selenium.remote.RemoteWebDriver.findElement(RemoteWebDriver.java:309)
at io.appium.java_client.DefaultGenericMobileDriver.findElement(DefaultGenericMobileDriver.java:58)
at io.appium.java_client.AppiumDriver.findElement(AppiumDriver.java:1)
at io.appium.java_client.android.AndroidDriver.findElement(AndroidDriver.java:1)
at io.appium.java_client.pagefactory.bys.ContentMappedBy.findElement(ContentMappedBy.java:50)
at org.openqa.selenium.remote.RemoteWebDriver.findElement(RemoteWebDriver.java:309)
at io.appium.java_client.DefaultGenericMobileDriver.findElement(DefaultGenericMobileDriver.java:58)
at io.appium.java_client.AppiumDriver.findElement(AppiumDriver.java:1)
at io.appium.java_client.android.AndroidDriver.findElement(AndroidDriver.java:1)
at io.appium.java_client.pagefactory.AppiumElementLocator.lambda$0(AppiumElementLocator.java:120)
at io.appium.java_client.pagefactory.AppiumElementLocator$WaitingFunction.apply(AppiumElementLocator.java:172)
at io.appium.java_client.pagefactory.AppiumElementLocator$WaitingFunction.apply(AppiumElementLocator.java:1)
at org.openqa.selenium.support.ui.FluentWait.until(FluentWait.java:248)
... 31 more
]]>
            </full-stacktrace>
          </exception> <!-- org.openqa.selenium.TimeoutException -->
          <reporter-output>
          </reporter-output>
        </test-method> <!-- user_should_be_on_checking_page -->
        <test-method status="PASS" signature="tearDown()[pri:0, instance:tests.CheckingRelatedTest@ff5b51f]" name="tearDown" is-config="true" duration-ms="7762" started-at="2019-01-11T22:35:23Z" finished-at="2019-01-11T22:35:30Z">
          <reporter-output>
          </reporter-output>
        </test-method> <!-- tearDown -->
      </class> <!-- tests.CheckingRelatedTest -->
    </test> <!-- Checking Android 2 -->
    <test name="Search Android 2" duration-ms="143410" started-at="2019-01-11T22:33:11Z" finished-at="2019-01-11T22:35:34Z">
      <class name="tests.SearchResultsTest">
        <test-method status="PASS" signature="setUp(java.lang.String, java.lang.reflect.Method)[pri:0, instance:tests.SearchResultsTest@31a5c39e]" name="setUp" is-config="true" duration-ms="111395" started-at="2019-01-11T22:33:11Z" finished-at="2019-01-11T22:35:02Z">
          <params>
            <param index="0">
              <value>
                <![CDATA[Android]]>
              </value>
            </param>
            <param index="1">
              <value>
                <![CDATA[public void tests.SearchResultsTest.verify_item_displayed_in_search_results_list()]]>
              </value>
            </param>
          </params>
          <reporter-output>
          </reporter-output>
        </test-method> <!-- setUp -->
        <test-method status="PASS" signature="setUpAllPages()[pri:0, instance:tests.SearchResultsTest@31a5c39e]" name="setUpAllPages" is-config="true" duration-ms="2285" started-at="2019-01-11T22:35:02Z" finished-at="2019-01-11T22:35:05Z">
          <reporter-output>
          </reporter-output>
        </test-method> <!-- setUpAllPages -->
        <test-method status="FAIL" signature="verify_item_displayed_in_search_results_list()[pri:0, instance:tests.SearchResultsTest@31a5c39e]" name="verify_item_displayed_in_search_results_list" duration-ms="21649" started-at="2019-01-11T22:35:05Z" finished-at="2019-01-11T22:35:26Z">
          <exception class="org.openqa.selenium.TimeoutException">
            <message>
              <![CDATA[Expected condition failed: waiting for visibility of Located by By.xpath: //*[@class='nav-toggle'] (tried for 20 second(s) with 500 milliseconds interval)]]>
            </message>
            <full-stacktrace>
              <![CDATA[org.openqa.selenium.TimeoutException: Expected condition failed: waiting for visibility of Located by By.xpath: //*[@class='nav-toggle'] (tried for 20 second(s) with 500 milliseconds interval)
at org.openqa.selenium.support.ui.WebDriverWait.timeoutException(WebDriverWait.java:81)
at org.openqa.selenium.support.ui.FluentWait.until(FluentWait.java:271)
at pages.BankingDropDownPage.click_on_hamburger_icon(BankingDropDownPage.java:30)
at pages.HomePage.click_on_hamburger_icon(HomePage.java:41)
at tests.SearchResultsTest.verify_item_displayed_in_search_results_list(SearchResultsTest.java:28)
at sun.reflect.NativeMethodAccessorImpl.invoke0(Native Method)
at sun.reflect.NativeMethodAccessorImpl.invoke(NativeMethodAccessorImpl.java:62)
at sun.reflect.DelegatingMethodAccessorImpl.invoke(DelegatingMethodAccessorImpl.java:43)
at java.lang.reflect.Method.invoke(Method.java:498)
at org.testng.internal.MethodInvocationHelper.invokeMethod(MethodInvocationHelper.java:124)
at org.testng.internal.Invoker.invokeMethod(Invoker.java:583)
at org.testng.internal.Invoker.invokeTestMethod(Invoker.java:719)
at org.testng.internal.Invoker.invokeTestMethods(Invoker.java:989)
at org.testng.internal.TestMethodWorker.invokeTestMethods(TestMethodWorker.java:125)
at org.testng.internal.TestMethodWorker.run(TestMethodWorker.java:109)
at org.testng.TestRunner.privateRun(TestRunner.java:648)
at org.testng.TestRunner.run(TestRunner.java:505)
at org.testng.SuiteRunner.runTest(SuiteRunner.java:455)
at org.testng.SuiteRunner.access$000(SuiteRunner.java:40)
at org.testng.SuiteRunner$SuiteWorker.run(SuiteRunner.java:489)
at org.testng.internal.thread.ThreadUtil$1.call(ThreadUtil.java:52)
at java.util.concurrent.FutureTask.run(FutureTask.java:266)
at java.util.concurrent.ThreadPoolExecutor.runWorker(ThreadPoolExecutor.java:1149)
at java.util.concurrent.ThreadPoolExecutor$Worker.run(ThreadPoolExecutor.java:624)
at java.lang.Thread.run(Thread.java:748)
Caused by: org.openqa.selenium.NoSuchElementException: Can't locate an element by this strategy: By.xpath: //*[@class='nav-toggle']
at io.appium.java_client.pagefactory.AppiumElementLocator.findElement(AppiumElementLocator.java:126)
at io.appium.java_client.pagefactory.interceptors.InterceptorOfASingleElement.intercept(InterceptorOfASingleElement.java:60)
at io.appium.java_client.android.AndroidElement$$EnhancerByCGLIB$$b598166c.isDisplayed(<generated>)
at org.openqa.selenium.support.ui.ExpectedConditions.elementIfVisible(ExpectedConditions.java:315)
at org.openqa.selenium.support.ui.ExpectedConditions.access$100(ExpectedConditions.java:44)
at org.openqa.selenium.support.ui.ExpectedConditions$10.apply(ExpectedConditions.java:301)
at org.openqa.selenium.support.ui.ExpectedConditions$10.apply(ExpectedConditions.java:298)
at org.openqa.selenium.support.ui.FluentWait.until(FluentWait.java:248)
... 23 more
Caused by: org.openqa.selenium.TimeoutException: Expected condition failed: waiting for io.appium.java_client.pagefactory.AppiumElementLocator$WaitingFunction@1974bf1b (tried for 1 second(s) with 500 milliseconds interval)
at org.openqa.selenium.support.ui.FluentWait.timeoutException(FluentWait.java:303)
at org.openqa.selenium.support.ui.FluentWait.until(FluentWait.java:271)
at io.appium.java_client.pagefactory.AppiumElementLocator.waitFor(AppiumElementLocator.java:99)
at io.appium.java_client.pagefactory.AppiumElementLocator.findElement(AppiumElementLocator.java:119)
... 30 more
Caused by: org.openqa.selenium.NoSuchElementException: no such element: Unable to locate element: {"method":"xpath","selector":"//*[@class='nav-toggle']"}
  (Session info: chrome=71.0.3578.99)
  (Driver info: chromedriver=2.41.578737 (49da6702b16031c40d63e5618de03a32ff6c197e),platform=Windows NT 10.0.14393 x86_64) (WARNING: The server did not provide any stacktrace information)
Command duration or timeout: 0 milliseconds
For documentation on this error, please visit: http://seleniumhq.org/exceptions/no_such_element.html
Build info: version: '3.12.0', revision: '7c6e0b3', time: '2018-05-08T14:04:26.12Z'
System info: host: 'WINDOWS-KEN7H9H', ip: '192.168.0.15', os.name: 'Windows 10', os.arch: 'amd64', os.version: '10.0', java.version: '1.8.0_161'
Driver info: io.appium.java_client.android.AndroidDriver
Capabilities {PNC: PNC_Android_Web, appiumVersion: 1.8.0, autoAcceptAlerts: false, autoDismissAlerts: false, autoGrantPermissions: false, autoWebview: false, browserName: chrome, cloudViewLink: https://sales.experitest.co..., desired: {PNC: PNC_Android_Web, browserName: chrome, deviceQuery: @os='android', newSessionWaitTimeout: 300.0, platformName: Android, testName: verify_item_displayed_in_se...}, device.category: PHONE, device.majorVersion: 5, device.manufacture: HUAWEI, device.model: ALE-L02, device.name: HUAWEI ALE-L02, device.os: Android, device.screenSize: 720x1280, device.serialNumber: N2K7N16811000808, device.version: 5.0.1, deviceQuery: @os='android', deviceUDID: N2K7N16811000808, dontGoHomeOnQuit: false, dontStopAppOnReset: false, ehmPrefixUrl: /agent-11, fullReset: false, gridNodePort: 7832, install.only.for.update: false, instrumentApp: false, javascriptEnabled: true, keystorePath: ~/.android/debug.keystore, locationServicesAuthorized: false, newSessionWaitTimeout: 300.0, noReset: false, platform: ANDROID, platformName: ANDROID, projectName: , reportDirectory: reports, reportFormat: xml, reportUrl: https://sales.experitest.co..., reservationDuration: 240.0, takeScreenshots: true, test.type: Mobile, testName: verify_item_displayed_in_se..., udid: N2K7N16811000808, useKeystore: false, waitForDeviceTimeout: 120000.0}
Session ID: CLOUD-SID:2019-01-12_00-33-02-9f05189d-90cf-465f-a0f5-58364df73258
*** Element info: {Using=xpath, value=//*[@class='nav-toggle']}
at sun.reflect.GeneratedConstructorAccessor49.newInstance(Unknown Source)
at sun.reflect.DelegatingConstructorAccessorImpl.newInstance(DelegatingConstructorAccessorImpl.java:45)
at java.lang.reflect.Constructor.newInstance(Constructor.java:423)
at org.openqa.selenium.remote.ErrorHandler.createThrowable(ErrorHandler.java:214)
at org.openqa.selenium.remote.ErrorHandler.throwIfResponseFailed(ErrorHandler.java:166)
at org.openqa.selenium.remote.http.JsonHttpResponseCodec.reconstructValue(JsonHttpResponseCodec.java:40)
at org.openqa.selenium.remote.http.AbstractHttpResponseCodec.decode(AbstractHttpResponseCodec.java:80)
at org.openqa.selenium.remote.http.AbstractHttpResponseCodec.decode(AbstractHttpResponseCodec.java:44)
at org.openqa.selenium.remote.HttpCommandExecutor.execute(HttpCommandExecutor.java:158)
at io.appium.java_client.remote.AppiumCommandExecutor.execute(AppiumCommandExecutor.java:218)
at org.openqa.selenium.remote.RemoteWebDriver.execute(RemoteWebDriver.java:543)
at io.appium.java_client.DefaultGenericMobileDriver.execute(DefaultGenericMobileDriver.java:42)
at io.appium.java_client.AppiumDriver.execute(AppiumDriver.java:1)
at io.appium.java_client.android.AndroidDriver.execute(AndroidDriver.java:1)
at org.openqa.selenium.remote.RemoteWebDriver.findElement(RemoteWebDriver.java:317)
at io.appium.java_client.DefaultGenericMobileDriver.findElement(DefaultGenericMobileDriver.java:62)
at io.appium.java_client.AppiumDriver.findElement(AppiumDriver.java:1)
at io.appium.java_client.android.AndroidDriver.findElement(AndroidDriver.java:1)
at org.openqa.selenium.remote.RemoteWebDriver.findElementByXPath(RemoteWebDriver.java:419)
at io.appium.java_client.DefaultGenericMobileDriver.findElementByXPath(DefaultGenericMobileDriver.java:152)
at io.appium.java_client.AppiumDriver.findElementByXPath(AppiumDriver.java:1)
at io.appium.java_client.android.AndroidDriver.findElementByXPath(AndroidDriver.java:1)
at org.openqa.selenium.By$ByXPath.findElement(By.java:353)
at org.openqa.selenium.remote.RemoteWebDriver.findElement(RemoteWebDriver.java:309)
at io.appium.java_client.DefaultGenericMobileDriver.findElement(DefaultGenericMobileDriver.java:58)
at io.appium.java_client.AppiumDriver.findElement(AppiumDriver.java:1)
at io.appium.java_client.android.AndroidDriver.findElement(AndroidDriver.java:1)
at io.appium.java_client.pagefactory.bys.ContentMappedBy.findElement(ContentMappedBy.java:50)
at org.openqa.selenium.remote.RemoteWebDriver.findElement(RemoteWebDriver.java:309)
at io.appium.java_client.DefaultGenericMobileDriver.findElement(DefaultGenericMobileDriver.java:58)
at io.appium.java_client.AppiumDriver.findElement(AppiumDriver.java:1)
at io.appium.java_client.android.AndroidDriver.findElement(AndroidDriver.java:1)
at io.appium.java_client.pagefactory.AppiumElementLocator.lambda$0(AppiumElementLocator.java:120)
at io.appium.java_client.pagefactory.AppiumElementLocator$WaitingFunction.apply(AppiumElementLocator.java:172)
at io.appium.java_client.pagefactory.AppiumElementLocator$WaitingFunction.apply(AppiumElementLocator.java:1)
at org.openqa.selenium.support.ui.FluentWait.until(FluentWait.java:248)
... 32 more
]]>
            </full-stacktrace>
          </exception> <!-- org.openqa.selenium.TimeoutException -->
          <reporter-output>
          </reporter-output>
        </test-method> <!-- verify_item_displayed_in_search_results_list -->
        <test-method status="PASS" signature="tearDown()[pri:0, instance:tests.SearchResultsTest@31a5c39e]" name="tearDown" is-config="true" duration-ms="8076" started-at="2019-01-11T22:35:26Z" finished-at="2019-01-11T22:35:34Z">
          <reporter-output>
          </reporter-output>
        </test-method> <!-- tearDown -->
      </class> <!-- tests.SearchResultsTest -->
    </test> <!-- Search Android 2 -->
    <test name="Credit Cards Android 2" duration-ms="151543" started-at="2019-01-11T22:33:11Z" finished-at="2019-01-11T22:35:43Z">
      <class name="tests.CreditCardsRelatedTest">
        <test-method status="PASS" signature="setUp(java.lang.String, java.lang.reflect.Method)[pri:0, instance:tests.CreditCardsRelatedTest@71318ec4]" name="setUp" is-config="true" duration-ms="102231" started-at="2019-01-11T22:33:11Z" finished-at="2019-01-11T22:34:53Z">
          <params>
            <param index="0">
              <value>
                <![CDATA[Android]]>
              </value>
            </param>
            <param index="1">
              <value>
                <![CDATA[public void tests.CreditCardsRelatedTest.user_should_be_on_credit_cards_page()]]>
              </value>
            </param>
          </params>
          <reporter-output>
          </reporter-output>
        </test-method> <!-- setUp -->
        <test-method status="PASS" signature="setUpAllPages()[pri:0, instance:tests.CreditCardsRelatedTest@71318ec4]" name="setUpAllPages" is-config="true" duration-ms="14362" started-at="2019-01-11T22:34:53Z" finished-at="2019-01-11T22:35:08Z">
          <reporter-output>
          </reporter-output>
        </test-method> <!-- setUpAllPages -->
        <test-method status="PASS" signature="user_should_be_on_credit_cards_page()[pri:0, instance:tests.CreditCardsRelatedTest@71318ec4]" name="user_should_be_on_credit_cards_page" duration-ms="26771" started-at="2019-01-11T22:35:08Z" finished-at="2019-01-11T22:35:34Z">
          <reporter-output>
          </reporter-output>
        </test-method> <!-- user_should_be_on_credit_cards_page -->
        <test-method status="PASS" signature="tearDown()[pri:0, instance:tests.CreditCardsRelatedTest@71318ec4]" name="tearDown" is-config="true" duration-ms="8178" started-at="2019-01-11T22:35:34Z" finished-at="2019-01-11T22:35:43Z">
          <reporter-output>
          </reporter-output>
        </test-method> <!-- tearDown -->
      </class> <!-- tests.CreditCardsRelatedTest -->
    </test> <!-- Credit Cards Android 2 -->
    <test name="Credit Cards Android" duration-ms="166448" started-at="2019-01-11T22:33:11Z" finished-at="2019-01-11T22:35:57Z">
      <class name="tests.CreditCardsRelatedTest">
        <test-method status="PASS" signature="setUp(java.lang.String, java.lang.reflect.Method)[pri:0, instance:tests.CreditCardsRelatedTest@589838eb]" name="setUp" is-config="true" duration-ms="113852" started-at="2019-01-11T22:33:11Z" finished-at="2019-01-11T22:35:05Z">
          <params>
            <param index="0">
              <value>
                <![CDATA[Android]]>
              </value>
            </param>
            <param index="1">
              <value>
                <![CDATA[public void tests.CreditCardsRelatedTest.user_should_be_on_credit_cards_page()]]>
              </value>
            </param>
          </params>
          <reporter-output>
          </reporter-output>
        </test-method> <!-- setUp -->
        <test-method status="PASS" signature="setUpAllPages()[pri:0, instance:tests.CreditCardsRelatedTest@589838eb]" name="setUpAllPages" is-config="true" duration-ms="10863" started-at="2019-01-11T22:35:05Z" finished-at="2019-01-11T22:35:16Z">
          <reporter-output>
          </reporter-output>
        </test-method> <!-- setUpAllPages -->
        <test-method status="PASS" signature="user_should_be_on_credit_cards_page()[pri:0, instance:tests.CreditCardsRelatedTest@589838eb]" name="user_should_be_on_credit_cards_page" duration-ms="33976" started-at="2019-01-11T22:35:16Z" finished-at="2019-01-11T22:35:50Z">
          <reporter-output>
          </reporter-output>
        </test-method> <!-- user_should_be_on_credit_cards_page -->
        <test-method status="PASS" signature="tearDown()[pri:0, instance:tests.CreditCardsRelatedTest@589838eb]" name="tearDown" is-config="true" duration-ms="7756" started-at="2019-01-11T22:35:50Z" finished-at="2019-01-11T22:35:57Z">
          <reporter-output>
          </reporter-output>
        </test-method> <!-- tearDown -->
      </class> <!-- tests.CreditCardsRelatedTest -->
    </test> <!-- Credit Cards Android -->
    <test name="Checking IOS" duration-ms="174808" started-at="2019-01-11T22:33:11Z" finished-at="2019-01-11T22:36:06Z">
      <class name="tests.CheckingRelatedTest">
        <test-method status="PASS" signature="setUp(java.lang.String, java.lang.reflect.Method)[pri:0, instance:tests.CheckingRelatedTest@53b32d7]" name="setUp" is-config="true" duration-ms="126989" started-at="2019-01-11T22:33:11Z" finished-at="2019-01-11T22:35:18Z">
          <params>
            <param index="0">
              <value>
                <![CDATA[IOS]]>
              </value>
            </param>
            <param index="1">
              <value>
                <![CDATA[public void tests.CheckingRelatedTest.user_should_be_on_checking_page()]]>
              </value>
            </param>
          </params>
          <reporter-output>
          </reporter-output>
        </test-method> <!-- setUp -->
        <test-method status="PASS" signature="setUpAllPages()[pri:0, instance:tests.CheckingRelatedTest@53b32d7]" name="setUpAllPages" is-config="true" duration-ms="9573" started-at="2019-01-11T22:35:18Z" finished-at="2019-01-11T22:35:28Z">
          <reporter-output>
          </reporter-output>
        </test-method> <!-- setUpAllPages -->
        <test-method status="PASS" signature="user_should_be_on_checking_page()[pri:0, instance:tests.CheckingRelatedTest@53b32d7]" name="user_should_be_on_checking_page" duration-ms="33823" started-at="2019-01-11T22:35:28Z" finished-at="2019-01-11T22:36:01Z">
          <reporter-output>
          </reporter-output>
        </test-method> <!-- user_should_be_on_checking_page -->
        <test-method status="PASS" signature="tearDown()[pri:0, instance:tests.CheckingRelatedTest@53b32d7]" name="tearDown" is-config="true" duration-ms="4420" started-at="2019-01-11T22:36:01Z" finished-at="2019-01-11T22:36:06Z">
          <reporter-output>
          </reporter-output>
        </test-method> <!-- tearDown -->
      </class> <!-- tests.CheckingRelatedTest -->
    </test> <!-- Checking IOS -->
    <test name="Savings IOS 3" duration-ms="184752" started-at="2019-01-11T22:33:11Z" finished-at="2019-01-11T22:36:16Z">
      <class name="tests.SavingsRelatedTest">
        <test-method status="PASS" signature="setUp(java.lang.String, java.lang.reflect.Method)[pri:0, instance:tests.SavingsRelatedTest@7b49cea0]" name="setUp" is-config="true" duration-ms="136119" started-at="2019-01-11T22:33:11Z" finished-at="2019-01-11T22:35:27Z">
          <params>
            <param index="0">
              <value>
                <![CDATA[IOS]]>
              </value>
            </param>
            <param index="1">
              <value>
                <![CDATA[public void tests.SavingsRelatedTest.user_should_be_on_savings_page()]]>
              </value>
            </param>
          </params>
          <reporter-output>
          </reporter-output>
        </test-method> <!-- setUp -->
        <test-method status="PASS" signature="setUpAllPages()[pri:0, instance:tests.SavingsRelatedTest@7b49cea0]" name="setUpAllPages" is-config="true" duration-ms="9259" started-at="2019-01-11T22:35:27Z" finished-at="2019-01-11T22:35:36Z">
          <reporter-output>
          </reporter-output>
        </test-method> <!-- setUpAllPages -->
        <test-method status="FAIL" signature="user_should_be_on_savings_page()[pri:0, instance:tests.SavingsRelatedTest@7b49cea0]" name="user_should_be_on_savings_page" duration-ms="34734" started-at="2019-01-11T22:35:36Z" finished-at="2019-01-11T22:36:11Z">
          <exception class="org.openqa.selenium.NoSuchElementException">
            <message>
              <![CDATA[Can't locate an element by this strategy: By.xpath: //h3[text()='Is this your zip code?']]]>
            </message>
            <full-stacktrace>
              <![CDATA[org.openqa.selenium.NoSuchElementException: Can't locate an element by this strategy: By.xpath: //h3[text()='Is this your zip code?']
at io.appium.java_client.pagefactory.AppiumElementLocator.findElement(AppiumElementLocator.java:126)
at io.appium.java_client.pagefactory.interceptors.InterceptorOfASingleElement.intercept(InterceptorOfASingleElement.java:60)
at io.appium.java_client.ios.IOSElement$$EnhancerByCGLIB$$d311658.isDisplayed(<generated>)
at pages.banking.SavingsMainPage.if_zip_code_is_present_then_handle(SavingsMainPage.java:38)
at tests.SavingsRelatedTest.user_should_be_on_savings_page(SavingsRelatedTest.java:34)
at sun.reflect.NativeMethodAccessorImpl.invoke0(Native Method)
at sun.reflect.NativeMethodAccessorImpl.invoke(NativeMethodAccessorImpl.java:62)
at sun.reflect.DelegatingMethodAccessorImpl.invoke(DelegatingMethodAccessorImpl.java:43)
at java.lang.reflect.Method.invoke(Method.java:498)
at org.testng.internal.MethodInvocationHelper.invokeMethod(MethodInvocationHelper.java:124)
at org.testng.internal.Invoker.invokeMethod(Invoker.java:583)
at org.testng.internal.Invoker.invokeTestMethod(Invoker.java:719)
at org.testng.internal.Invoker.invokeTestMethods(Invoker.java:989)
at org.testng.internal.TestMethodWorker.invokeTestMethods(TestMethodWorker.java:125)
at org.testng.internal.TestMethodWorker.run(TestMethodWorker.java:109)
at org.testng.TestRunner.privateRun(TestRunner.java:648)
at org.testng.TestRunner.run(TestRunner.java:505)
at org.testng.SuiteRunner.runTest(SuiteRunner.java:455)
at org.testng.SuiteRunner.access$000(SuiteRunner.java:40)
at org.testng.SuiteRunner$SuiteWorker.run(SuiteRunner.java:489)
at org.testng.internal.thread.ThreadUtil$1.call(ThreadUtil.java:52)
at java.util.concurrent.FutureTask.run(FutureTask.java:266)
at java.util.concurrent.ThreadPoolExecutor.runWorker(ThreadPoolExecutor.java:1149)
at java.util.concurrent.ThreadPoolExecutor$Worker.run(ThreadPoolExecutor.java:624)
at java.lang.Thread.run(Thread.java:748)
Caused by: org.openqa.selenium.TimeoutException: Expected condition failed: waiting for io.appium.java_client.pagefactory.AppiumElementLocator$WaitingFunction@8e2cf1a (tried for 1 second(s) with 500 milliseconds interval)
at org.openqa.selenium.support.ui.FluentWait.timeoutException(FluentWait.java:303)
at org.openqa.selenium.support.ui.FluentWait.until(FluentWait.java:271)
at io.appium.java_client.pagefactory.AppiumElementLocator.waitFor(AppiumElementLocator.java:99)
at io.appium.java_client.pagefactory.AppiumElementLocator.findElement(AppiumElementLocator.java:119)
... 24 more
Caused by: org.openqa.selenium.NoSuchElementException: no such element (An element could not be located on the page using the given search parameters (XPATH='//h3[text()='Is this your zip code?']'))  (WARNING: The server did not provide any stacktrace information)
Command duration or timeout: 0 milliseconds
For documentation on this error, please visit: http://seleniumhq.org/exceptions/no_such_element.html
Build info: version: '3.12.0', revision: '7c6e0b3', time: '2018-05-08T14:04:26.12Z'
System info: host: 'WINDOWS-KEN7H9H', ip: '192.168.0.15', os.name: 'Windows 10', os.arch: 'amd64', os.version: '10.0', java.version: '1.8.0_161'
Driver info: io.appium.java_client.ios.IOSDriver
Capabilities {appiumVersion: 1.8.0, autoAcceptAlerts: false, autoDismissAlerts: false, autoGrantPermissions: false, autoWebview: false, automationName: XCUITest, browserName: safari, cloudViewLink: https://sales.experitest.co..., desired: {browserName: safari, deviceQuery: @os='ios', newSessionWaitTimeout: 300.0, platformName: iOS, testName: user_should_be_on_savings_page}, device.category: PHONE, device.majorVersion: 12, device.manufacture: Apple, device.model: iPhone 6, device.name: iPhone A0080, device.os: iOS, device.screenSize: 750x1334, device.serialNumber: 434b5c60cf11b9a3355cc1f732f..., device.version: 12.0, deviceQuery: @os='ios', deviceUDID: 434b5c60cf11b9a3355cc1f732f..., dontGoHomeOnQuit: false, dontStopAppOnReset: false, ehmPrefixUrl: /agent-9, fullReset: false, gridNodePort: 7857, install.only.for.update: false, instrumentApp: false, javascriptEnabled: true, keystorePath: ~/.android/debug.keystore, locationServicesAuthorized: false, newSessionWaitTimeout: 300.0, noReset: false, platform: IOS, platformName: IOS, projectName: , reportDirectory: reports, reportFormat: xml, reportUrl: https://sales.experitest.co..., reservationDuration: 240.0, takeScreenshots: true, test.type: Mobile, testName: user_should_be_on_savings_page, udid: 434b5c60cf11b9a3355cc1f732f..., useKeystore: false, waitForDeviceTimeout: 120000.0}
Session ID: CLOUD-SID:2019-01-12_00-33-02-44481a9e-7c8c-4032-adea-39cd86342f05
*** Element info: {Using=xpath, value=//h3[text()='Is this your zip code?']}
at sun.reflect.GeneratedConstructorAccessor49.newInstance(Unknown Source)
at sun.reflect.DelegatingConstructorAccessorImpl.newInstance(DelegatingConstructorAccessorImpl.java:45)
at java.lang.reflect.Constructor.newInstance(Constructor.java:423)
at org.openqa.selenium.remote.ErrorHandler.createThrowable(ErrorHandler.java:214)
at org.openqa.selenium.remote.ErrorHandler.throwIfResponseFailed(ErrorHandler.java:166)
at org.openqa.selenium.remote.http.JsonHttpResponseCodec.reconstructValue(JsonHttpResponseCodec.java:40)
at org.openqa.selenium.remote.http.AbstractHttpResponseCodec.decode(AbstractHttpResponseCodec.java:80)
at org.openqa.selenium.remote.http.AbstractHttpResponseCodec.decode(AbstractHttpResponseCodec.java:44)
at org.openqa.selenium.remote.HttpCommandExecutor.execute(HttpCommandExecutor.java:158)
at io.appium.java_client.remote.AppiumCommandExecutor.execute(AppiumCommandExecutor.java:218)
at org.openqa.selenium.remote.RemoteWebDriver.execute(RemoteWebDriver.java:543)
at io.appium.java_client.DefaultGenericMobileDriver.execute(DefaultGenericMobileDriver.java:42)
at io.appium.java_client.AppiumDriver.execute(AppiumDriver.java:1)
at io.appium.java_client.ios.IOSDriver.execute(IOSDriver.java:1)
at org.openqa.selenium.remote.RemoteWebDriver.findElement(RemoteWebDriver.java:317)
at io.appium.java_client.DefaultGenericMobileDriver.findElement(DefaultGenericMobileDriver.java:62)
at io.appium.java_client.AppiumDriver.findElement(AppiumDriver.java:1)
at io.appium.java_client.ios.IOSDriver.findElement(IOSDriver.java:1)
at org.openqa.selenium.remote.RemoteWebDriver.findElementByXPath(RemoteWebDriver.java:419)
at io.appium.java_client.DefaultGenericMobileDriver.findElementByXPath(DefaultGenericMobileDriver.java:152)
at io.appium.java_client.AppiumDriver.findElementByXPath(AppiumDriver.java:1)
at io.appium.java_client.ios.IOSDriver.findElementByXPath(IOSDriver.java:1)
at org.openqa.selenium.By$ByXPath.findElement(By.java:353)
at org.openqa.selenium.remote.RemoteWebDriver.findElement(RemoteWebDriver.java:309)
at io.appium.java_client.DefaultGenericMobileDriver.findElement(DefaultGenericMobileDriver.java:58)
at io.appium.java_client.AppiumDriver.findElement(AppiumDriver.java:1)
at io.appium.java_client.ios.IOSDriver.findElement(IOSDriver.java:1)
at io.appium.java_client.pagefactory.bys.ContentMappedBy.findElement(ContentMappedBy.java:50)
at org.openqa.selenium.remote.RemoteWebDriver.findElement(RemoteWebDriver.java:309)
at io.appium.java_client.DefaultGenericMobileDriver.findElement(DefaultGenericMobileDriver.java:58)
at io.appium.java_client.AppiumDriver.findElement(AppiumDriver.java:1)
at io.appium.java_client.ios.IOSDriver.findElement(IOSDriver.java:1)
at io.appium.java_client.pagefactory.AppiumElementLocator.lambda$0(AppiumElementLocator.java:120)
at io.appium.java_client.pagefactory.AppiumElementLocator$WaitingFunction.apply(AppiumElementLocator.java:172)
at io.appium.java_client.pagefactory.AppiumElementLocator$WaitingFunction.apply(AppiumElementLocator.java:1)
at org.openqa.selenium.support.ui.FluentWait.until(FluentWait.java:248)
... 26 more
]]>
            </full-stacktrace>
          </exception> <!-- org.openqa.selenium.NoSuchElementException -->
          <reporter-output>
          </reporter-output>
        </test-method> <!-- user_should_be_on_savings_page -->
        <test-method status="PASS" signature="tearDown()[pri:0, instance:tests.SavingsRelatedTest@7b49cea0]" name="tearDown" is-config="true" duration-ms="4635" started-at="2019-01-11T22:36:11Z" finished-at="2019-01-11T22:36:16Z">
          <reporter-output>
          </reporter-output>
        </test-method> <!-- tearDown -->
      </class> <!-- tests.SavingsRelatedTest -->
    </test> <!-- Savings IOS 3 -->
    <test name="Search IOS" duration-ms="196561" started-at="2019-01-11T22:33:11Z" finished-at="2019-01-11T22:36:27Z">
      <class name="tests.SearchResultsTest">
        <test-method status="PASS" signature="setUp(java.lang.String, java.lang.reflect.Method)[pri:0, instance:tests.SearchResultsTest@5c3bd550]" name="setUp" is-config="true" duration-ms="104723" started-at="2019-01-11T22:33:11Z" finished-at="2019-01-11T22:34:56Z">
          <params>
            <param index="0">
              <value>
                <![CDATA[IOS]]>
              </value>
            </param>
            <param index="1">
              <value>
                <![CDATA[public void tests.SearchResultsTest.verify_item_displayed_in_search_results_list()]]>
              </value>
            </param>
          </params>
          <reporter-output>
          </reporter-output>
        </test-method> <!-- setUp -->
        <test-method status="PASS" signature="setUpAllPages()[pri:0, instance:tests.SearchResultsTest@5c3bd550]" name="setUpAllPages" is-config="true" duration-ms="44903" started-at="2019-01-11T22:34:56Z" finished-at="2019-01-11T22:35:41Z">
          <reporter-output>
          </reporter-output>
        </test-method> <!-- setUpAllPages -->
        <test-method status="PASS" signature="verify_item_displayed_in_search_results_list()[pri:0, instance:tests.SearchResultsTest@5c3bd550]" name="verify_item_displayed_in_search_results_list" duration-ms="42409" started-at="2019-01-11T22:35:41Z" finished-at="2019-01-11T22:36:23Z">
          <reporter-output>
          </reporter-output>
        </test-method> <!-- verify_item_displayed_in_search_results_list -->
        <test-method status="PASS" signature="tearDown()[pri:0, instance:tests.SearchResultsTest@5c3bd550]" name="tearDown" is-config="true" duration-ms="4522" started-at="2019-01-11T22:36:23Z" finished-at="2019-01-11T22:36:27Z">
          <reporter-output>
          </reporter-output>
        </test-method> <!-- tearDown -->
      </class> <!-- tests.SearchResultsTest -->
    </test> <!-- Search IOS -->
    <test name="Checking Android" duration-ms="234792" started-at="2019-01-11T22:33:11Z" finished-at="2019-01-11T22:37:06Z">
      <class name="tests.CheckingRelatedTest">
        <test-method status="PASS" signature="setUp(java.lang.String, java.lang.reflect.Method)[pri:0, instance:tests.CheckingRelatedTest@5622fdf]" name="setUp" is-config="true" duration-ms="130617" started-at="2019-01-11T22:33:11Z" finished-at="2019-01-11T22:35:22Z">
          <params>
            <param index="0">
              <value>
                <![CDATA[Android]]>
              </value>
            </param>
            <param index="1">
              <value>
                <![CDATA[public void tests.CheckingRelatedTest.user_should_be_on_checking_page()]]>
              </value>
            </param>
          </params>
          <reporter-output>
          </reporter-output>
        </test-method> <!-- setUp -->
        <test-method status="PASS" signature="setUpAllPages()[pri:0, instance:tests.CheckingRelatedTest@5622fdf]" name="setUpAllPages" is-config="true" duration-ms="37510" started-at="2019-01-11T22:35:22Z" finished-at="2019-01-11T22:35:59Z">
          <reporter-output>
          </reporter-output>
        </test-method> <!-- setUpAllPages -->
        <test-method status="PASS" signature="user_should_be_on_checking_page()[pri:0, instance:tests.CheckingRelatedTest@5622fdf]" name="user_should_be_on_checking_page" duration-ms="55880" started-at="2019-01-11T22:35:59Z" finished-at="2019-01-11T22:36:55Z">
          <reporter-output>
          </reporter-output>
        </test-method> <!-- user_should_be_on_checking_page -->
        <test-method status="PASS" signature="tearDown()[pri:0, instance:tests.CheckingRelatedTest@5622fdf]" name="tearDown" is-config="true" duration-ms="10783" started-at="2019-01-11T22:36:55Z" finished-at="2019-01-11T22:37:06Z">
          <reporter-output>
          </reporter-output>
        </test-method> <!-- tearDown -->
      </class> <!-- tests.CheckingRelatedTest -->
    </test> <!-- Checking Android -->
    <test name="Search IOS 2" duration-ms="238801" started-at="2019-01-11T22:33:11Z" finished-at="2019-01-11T22:37:10Z">
      <class name="tests.SearchResultsTest">
        <test-method status="PASS" signature="setUp(java.lang.String, java.lang.reflect.Method)[pri:0, instance:tests.SearchResultsTest@59494225]" name="setUp" is-config="true" duration-ms="175754" started-at="2019-01-11T22:33:11Z" finished-at="2019-01-11T22:36:07Z">
          <params>
            <param index="0">
              <value>
                <![CDATA[IOS]]>
              </value>
            </param>
            <param index="1">
              <value>
                <![CDATA[public void tests.SearchResultsTest.verify_item_displayed_in_search_results_list()]]>
              </value>
            </param>
          </params>
          <reporter-output>
          </reporter-output>
        </test-method> <!-- setUp -->
        <test-method status="PASS" signature="setUpAllPages()[pri:0, instance:tests.SearchResultsTest@59494225]" name="setUpAllPages" is-config="true" duration-ms="7325" started-at="2019-01-11T22:36:07Z" finished-at="2019-01-11T22:36:14Z">
          <reporter-output>
          </reporter-output>
        </test-method> <!-- setUpAllPages -->
        <test-method status="PASS" signature="verify_item_displayed_in_search_results_list()[pri:0, instance:tests.SearchResultsTest@59494225]" name="verify_item_displayed_in_search_results_list" duration-ms="48852" started-at="2019-01-11T22:36:14Z" finished-at="2019-01-11T22:37:03Z">
          <reporter-output>
          </reporter-output>
        </test-method> <!-- verify_item_displayed_in_search_results_list -->
        <test-method status="PASS" signature="tearDown()[pri:0, instance:tests.SearchResultsTest@59494225]" name="tearDown" is-config="true" duration-ms="6868" started-at="2019-01-11T22:37:03Z" finished-at="2019-01-11T22:37:10Z">
          <reporter-output>
          </reporter-output>
        </test-method> <!-- tearDown -->
      </class> <!-- tests.SearchResultsTest -->
    </test> <!-- Search IOS 2 -->
    <test name="Search IOS 3" duration-ms="247512" started-at="2019-01-11T22:33:11Z" finished-at="2019-01-11T22:37:19Z">
      <class name="tests.SearchResultsTest">
        <test-method status="PASS" signature="setUp(java.lang.String, java.lang.reflect.Method)[pri:0, instance:tests.SearchResultsTest@63753b6d]" name="setUp" is-config="true" duration-ms="161161" started-at="2019-01-11T22:33:11Z" finished-at="2019-01-11T22:35:52Z">
          <params>
            <param index="0">
              <value>
                <![CDATA[IOS]]>
              </value>
            </param>
            <param index="1">
              <value>
                <![CDATA[public void tests.SearchResultsTest.verify_item_displayed_in_search_results_list()]]>
              </value>
            </param>
          </params>
          <reporter-output>
          </reporter-output>
        </test-method> <!-- setUp -->
        <test-method status="PASS" signature="setUpAllPages()[pri:0, instance:tests.SearchResultsTest@63753b6d]" name="setUpAllPages" is-config="true" duration-ms="10720" started-at="2019-01-11T22:35:52Z" finished-at="2019-01-11T22:36:03Z">
          <reporter-output>
          </reporter-output>
        </test-method> <!-- setUpAllPages -->
        <test-method status="PASS" signature="verify_item_displayed_in_search_results_list()[pri:0, instance:tests.SearchResultsTest@63753b6d]" name="verify_item_displayed_in_search_results_list" duration-ms="68882" started-at="2019-01-11T22:36:03Z" finished-at="2019-01-11T22:37:12Z">
          <reporter-output>
          </reporter-output>
        </test-method> <!-- verify_item_displayed_in_search_results_list -->
        <test-method status="PASS" signature="tearDown()[pri:0, instance:tests.SearchResultsTest@63753b6d]" name="tearDown" is-config="true" duration-ms="6746" started-at="2019-01-11T22:37:12Z" finished-at="2019-01-11T22:37:19Z">
          <reporter-output>
          </reporter-output>
        </test-method> <!-- tearDown -->
      </class> <!-- tests.SearchResultsTest -->
    </test> <!-- Search IOS 3 -->
    <test name="Credit Cards IOS 2" duration-ms="254313" started-at="2019-01-11T22:33:11Z" finished-at="2019-01-11T22:37:25Z">
      <class name="tests.CreditCardsRelatedTest">
        <test-method status="PASS" signature="setUp(java.lang.String, java.lang.reflect.Method)[pri:0, instance:tests.CreditCardsRelatedTest@78c03f1f]" name="setUp" is-config="true" duration-ms="203767" started-at="2019-01-11T22:33:11Z" finished-at="2019-01-11T22:36:35Z">
          <params>
            <param index="0">
              <value>
                <![CDATA[IOS]]>
              </value>
            </param>
            <param index="1">
              <value>
                <![CDATA[public void tests.CreditCardsRelatedTest.user_should_be_on_credit_cards_page()]]>
              </value>
            </param>
          </params>
          <reporter-output>
          </reporter-output>
        </test-method> <!-- setUp -->
        <test-method status="PASS" signature="setUpAllPages()[pri:0, instance:tests.CreditCardsRelatedTest@78c03f1f]" name="setUpAllPages" is-config="true" duration-ms="9879" started-at="2019-01-11T22:36:35Z" finished-at="2019-01-11T22:36:45Z">
          <reporter-output>
          </reporter-output>
        </test-method> <!-- setUpAllPages -->
        <test-method status="PASS" signature="user_should_be_on_credit_cards_page()[pri:0, instance:tests.CreditCardsRelatedTest@78c03f1f]" name="user_should_be_on_credit_cards_page" duration-ms="36474" started-at="2019-01-11T22:36:45Z" finished-at="2019-01-11T22:37:21Z">
          <reporter-output>
          </reporter-output>
        </test-method> <!-- user_should_be_on_credit_cards_page -->
        <test-method status="PASS" signature="tearDown()[pri:0, instance:tests.CreditCardsRelatedTest@78c03f1f]" name="tearDown" is-config="true" duration-ms="4192" started-at="2019-01-11T22:37:21Z" finished-at="2019-01-11T22:37:25Z">
          <reporter-output>
          </reporter-output>
        </test-method> <!-- tearDown -->
      </class> <!-- tests.CreditCardsRelatedTest -->
    </test> <!-- Credit Cards IOS 2 -->
    <test name="Credit Cards IOS 3" duration-ms="255181" started-at="2019-01-11T22:33:11Z" finished-at="2019-01-11T22:37:26Z">
      <class name="tests.CreditCardsRelatedTest">
        <test-method status="PASS" signature="setUp(java.lang.String, java.lang.reflect.Method)[pri:0, instance:tests.CreditCardsRelatedTest@2758fe70]" name="setUp" is-config="true" duration-ms="214968" started-at="2019-01-11T22:33:11Z" finished-at="2019-01-11T22:36:46Z">
          <params>
            <param index="0">
              <value>
                <![CDATA[IOS]]>
              </value>
            </param>
            <param index="1">
              <value>
                <![CDATA[public void tests.CreditCardsRelatedTest.user_should_be_on_credit_cards_page()]]>
              </value>
            </param>
          </params>
          <reporter-output>
          </reporter-output>
        </test-method> <!-- setUp -->
        <test-method status="PASS" signature="setUpAllPages()[pri:0, instance:tests.CreditCardsRelatedTest@2758fe70]" name="setUpAllPages" is-config="true" duration-ms="6682" started-at="2019-01-11T22:36:46Z" finished-at="2019-01-11T22:36:53Z">
          <reporter-output>
          </reporter-output>
        </test-method> <!-- setUpAllPages -->
        <test-method status="PASS" signature="user_should_be_on_credit_cards_page()[pri:0, instance:tests.CreditCardsRelatedTest@2758fe70]" name="user_should_be_on_credit_cards_page" duration-ms="29647" started-at="2019-01-11T22:36:53Z" finished-at="2019-01-11T22:37:22Z">
          <reporter-output>
          </reporter-output>
        </test-method> <!-- user_should_be_on_credit_cards_page -->
        <test-method status="PASS" signature="tearDown()[pri:0, instance:tests.CreditCardsRelatedTest@2758fe70]" name="tearDown" is-config="true" duration-ms="3883" started-at="2019-01-11T22:37:22Z" finished-at="2019-01-11T22:37:26Z">
          <reporter-output>
          </reporter-output>
        </test-method> <!-- tearDown -->
      </class> <!-- tests.CreditCardsRelatedTest -->
    </test> <!-- Credit Cards IOS 3 -->
  </suite> <!-- Test Automation -->
</testng-results>
